[2022-10-05T11:28:19.223] [INFO] default - 
        TIMESTAMP => 2022-10-05 11:28:19,
        APP_NAME => api_report_siromedge,
        SUB_APP_NAME => /apipos/actionreports/visitor,
        NODE_ID => 0,
        STATUS => REQ,
        REMOTE_ADDRESS => ::1,
        REMOTE_PORT => 53346,
        ORIGINALURL => /apipos/actionreports/visitor/vt_parking_visitor_history,    
        DATA : {"m_report_id":"VCI0001","m_report_name":"รายงานการเขาออก","m_car_type":"VISTOR CAR","m_building_name":"ส.ขอนแก่น","m_report_start":"2022-10-05 00:00:00","m_report_end":"2022-10-04 23:59:59"}
[2022-10-05T11:28:50.307] [INFO] default - 
        TIMESTAMP => 2022-10-05 11:28:50,
        APP_NAME => api_report_siromedge,
        SUB_APP_NAME => /apipos/actionreports/visitor,
        NODE_ID => 0,
        STATUS => REQ,
        REMOTE_ADDRESS => ::1,
        REMOTE_PORT => 53351,
        ORIGINALURL => /apipos/actionreports/visitor/vt_parking_visitor_history,    
        DATA : {"m_report_id":"VCI0001","m_report_name":"รายงานการเขาออก","m_car_type":"VISTOR CAR","m_building_name":"ส.ขอนแก่น","m_report_start":"2022-10-04 00:00:00","m_report_end":"2022-10-04 23:59:59"}
[2022-10-05T11:30:08.607] [INFO] default - 
        TIMESTAMP => 2022-10-05 11:30:08,
        APP_NAME => api_report_siromedge,
        SUB_APP_NAME => /apipos/actionreports/visitor,
        NODE_ID => 0,
        STATUS => REQ,
        REMOTE_ADDRESS => ::1,
        REMOTE_PORT => 63808,
        ORIGINALURL => /apipos/actionreports/visitor/vt_parking_visitor_history,    
        DATA : {"m_report_id":"VCI0001","m_report_name":"รายงานการเขาออก","m_car_type":"VISTOR CAR","m_building_name":"ส.ขอนแก่น","m_report_start":"2022-10-04 00:00:00","m_report_end":"2022-10-04 23:59:59"}
[2022-10-05T11:30:08.784] [FATAL] default - 
        TIMESTAMP => 2022-10-05 11:30:08,
        APP_NAME => api_report_siromedge,
        SUB_APP_NAME => /apipos/actionreports/visitor,
        NODE_ID => 0,
        STATUS => RES,
        REMOTE_ADDRESS => ::1,
        REMOTE_PORT => 63808,
        ORIGINALURL => /apipos/actionreports/visitor/vt_parking_visitor_history,    
        DATA : {"statusCode":"200","error":true,"data":null,"message":"db_action_vt_parking_visitor_history_fail"}
[2022-10-05T11:31:14.629] [INFO] default - 
        TIMESTAMP => 2022-10-05 11:31:14,
        APP_NAME => api_report_siromedge,
        SUB_APP_NAME => /apipos/actionreports/visitor,
        NODE_ID => 0,
        STATUS => REQ,
        REMOTE_ADDRESS => ::1,
        REMOTE_PORT => 59476,
        ORIGINALURL => /apipos/actionreports/visitor/vt_parking_visitor_history,    
        DATA : {"m_report_id":"VCI0001","m_report_name":"รายงานการเขาออก","m_car_type":"VISTOR CAR","m_building_name":"ส.ขอนแก่น","m_report_start":"2022-10-04 00:00:00","m_report_end":"2022-10-04 23:59:59"}
[2022-10-05T11:38:54.908] [INFO] default - 
        TIMESTAMP => 2022-10-05 11:38:54,
        APP_NAME => api_report_siromedge,
        SUB_APP_NAME => /apipos/actionreports/visitor,
        NODE_ID => 0,
        STATUS => REQ,
        REMOTE_ADDRESS => ::1,
        REMOTE_PORT => 62088,
        ORIGINALURL => /apipos/actionreports/visitor/vt_parking_visitor_history,    
        DATA : {"m_report_id":"VCI0001","m_report_name":"รายงานการเขาออก","m_car_type":"VISTOR CAR","m_building_name":"ส.ขอนแก่น","m_report_start":"2022-10-05 00:00:00","m_report_end":"2022-10-05 23:59:59"}
[2022-10-05T11:43:37.223] [INFO] default - 
        TIMESTAMP => 2022-10-05 11:43:37,
        APP_NAME => api_report_siromedge,
        SUB_APP_NAME => /apipos/actionreports/visitor,
        NODE_ID => 0,
        STATUS => REQ,
        REMOTE_ADDRESS => ::1,
        REMOTE_PORT => 58998,
        ORIGINALURL => /apipos/actionreports/visitor/vt_parking_visitor_history,    
        DATA : {"m_report_id":"VCI0001","m_report_name":"รายงานการเขาออก","m_car_type":"VISTOR CAR","m_building_name":"ส.ขอนแก่น","m_report_start":"2022-10-05 00:00:00","m_report_end":"2022-10-05 23:59:59"}
[2022-10-05T11:46:00.552] [INFO] default - 
        TIMESTAMP => 2022-10-05 11:46:00,
        APP_NAME => api_report_siromedge,
        SUB_APP_NAME => /apipos/actionreports/visitor,
        NODE_ID => 0,
        STATUS => REQ,
        REMOTE_ADDRESS => ::1,
        REMOTE_PORT => 54483,
        ORIGINALURL => /apipos/actionreports/visitor/vt_parking_visitor_history,    
        DATA : {"m_report_id":"VCI0001","m_report_name":"รายงานการเขาออก","m_car_type":"VISTOR CAR","m_building_name":"ส.ขอนแก่น","m_report_start":"2022-10-05 00:00:00","m_report_end":"2022-10-05 23:59:59"}
[2022-10-05T11:46:39.516] [INFO] default - 
        TIMESTAMP => 2022-10-05 11:46:39,
        APP_NAME => api_report_siromedge,
        SUB_APP_NAME => /apipos/actionreports/visitor,
        NODE_ID => 0,
        STATUS => REQ,
        REMOTE_ADDRESS => ::1,
        REMOTE_PORT => 57486,
        ORIGINALURL => /apipos/actionreports/visitor/vt_parking_visitor_history,    
        DATA : {"m_report_id":"VCI0001","m_report_name":"รายงานการเขาออก","m_car_type":"VISTOR CAR","m_building_name":"ส.ขอนแก่น","m_report_start":"2022-10-05 00:00:00","m_report_end":"2022-10-05 23:59:59"}
[2022-10-05T11:47:29.468] [INFO] default - 
        TIMESTAMP => 2022-10-05 11:47:29,
        APP_NAME => api_report_siromedge,
        SUB_APP_NAME => /apipos/actionreports/visitor,
        NODE_ID => 0,
        STATUS => REQ,
        REMOTE_ADDRESS => ::1,
        REMOTE_PORT => 57579,
        ORIGINALURL => /apipos/actionreports/visitor/vt_parking_visitor_history,    
        DATA : {"m_report_id":"VCI0001","m_report_name":"รายงานการเขาออก","m_car_type":"VISTOR CAR","m_building_name":"ส.ขอนแก่น","m_report_start":"2022-10-05 00:00:00","m_report_end":"2022-10-05 23:59:59"}
[2022-10-05T11:52:45.413] [INFO] default - 
        TIMESTAMP => 2022-10-05 11:52:45,
        APP_NAME => api_report_siromedge,
        SUB_APP_NAME => /apipos/actionreports/visitor,
        NODE_ID => 0,
        STATUS => REQ,
        REMOTE_ADDRESS => ::1,
        REMOTE_PORT => 51035,
        ORIGINALURL => /apipos/actionreports/visitor/vt_parking_visitor_car_history,    
        DATA : {"m_report_id":"VCI0001","m_report_name":"รายงานการเขาออก","m_car_type":"VISTOR CAR","m_building_name":"ส.ขอนแก่น","m_report_start":"2022-10-05 00:00:00","m_report_end":"2022-10-05 23:59:59"}
[2022-10-05T11:54:56.236] [INFO] default - 
        TIMESTAMP => 2022-10-05 11:54:56,
        APP_NAME => api_report_siromedge,
        SUB_APP_NAME => /apipos/actionreports/visitor,
        NODE_ID => 0,
        STATUS => REQ,
        REMOTE_ADDRESS => ::1,
        REMOTE_PORT => 54127,
        ORIGINALURL => /apipos/actionreports/visitor/vt_parking_visitor_motorcycle_history,    
        DATA : {"m_report_id":"VMI0001","m_report_name":"รายงานการเขาออก","m_car_type":"VISTOR MOTORCYCLE","m_building_name":"ส.ขอนแก่น","m_report_start":"2022-10-05 00:00:00","m_report_end":"2022-10-05 23:59:59"}
[2022-10-05T11:54:56.414] [INFO] default - 
        TIMESTAMP => 2022-10-05 11:54:56,
        APP_NAME => api_report_siromedge,
        SUB_APP_NAME => /apipos/actionreports/visitor,
        NODE_ID => 0,
        STATUS => RES,
        REMOTE_ADDRESS => ::1,
        REMOTE_PORT => 54127,
        ORIGINALURL => /apipos/actionreports/visitor/vt_parking_visitor_motorcycle_history,    
        DATA : {"statusCode":"200","error":null,"data":{"header_data":{"m_report_id":"VMI0001","m_report_name":"รายงานการเขาออก","m_car_type":"VISTOR MOTORCYCLE","m_building_name":"ส.ขอนแก่น","m_report_start":"2022-10-05 00:00:00","m_report_end":"2022-10-05 23:59:59","cabinet_obj":{"cabinet_id":1,"cabinet_tax_code":"1234567890123","cabinet_name":"Gate IN Car 1 Tara 7","cabinet_type_id":1,"cabinet_status":"IN","cabinet_code":"CP-INC01","building_code":"0001","building_name":"TARAPark CP All","registered_no":null,"building_tax":"0994000165706","cabinet_ip_address":"10.100.101.182"}},"sub_data":[]},"message":"OK"}
[2022-10-05T11:55:22.551] [INFO] default - 
        TIMESTAMP => 2022-10-05 11:55:22,
        APP_NAME => api_report_siromedge,
        SUB_APP_NAME => /apipos/actionreports/visitor,
        NODE_ID => 0,
        STATUS => REQ,
        REMOTE_ADDRESS => ::1,
        REMOTE_PORT => 54944,
        ORIGINALURL => /apipos/actionreports/visitor/vt_parking_visitor_motorcycle_history,    
        DATA : {"m_report_id":"VMI0001","m_report_name":"รายงานการเขาออก","m_car_type":"VISTOR MOTORCYCLE","m_building_name":"ส.ขอนแก่น","m_report_start":"2022-10-05 00:00:00","m_report_end":"2022-10-05 23:59:59"}
[2022-10-05T11:55:22.844] [INFO] default - 
        TIMESTAMP => 2022-10-05 11:55:22,
        APP_NAME => api_report_siromedge,
        SUB_APP_NAME => /apipos/actionreports/visitor,
        NODE_ID => 0,
        STATUS => RES,
        REMOTE_ADDRESS => ::1,
        REMOTE_PORT => 54944,
        ORIGINALURL => /apipos/actionreports/visitor/vt_parking_visitor_motorcycle_history,    
        DATA : {"statusCode":"200","error":null,"data":{"header_data":{"m_report_id":"VMI0001","m_report_name":"รายงานการเขาออก","m_car_type":"VISTOR MOTORCYCLE","m_building_name":"ส.ขอนแก่น","m_report_start":"2022-10-05 00:00:00","m_report_end":"2022-10-05 23:59:59","cabinet_obj":{"cabinet_id":1,"cabinet_tax_code":"1234567890123","cabinet_name":"Gate IN Car 1 Tara 7","cabinet_type_id":1,"cabinet_status":"IN","cabinet_code":"CP-INC01","building_code":"0001","building_name":"TARAPark CP All","registered_no":null,"building_tax":"0994000165706","cabinet_ip_address":"10.100.101.182"}},"sub_data":[{"tci_id":"3587","card_status":"VM","car_type_status":"MOTORCYCLE","card_code":"VM2844CDF5651B48","card_signature":"VM643026C","license_plate_text":"","cabinet_name_in":"Gate IN Car 1 Tara 7","carparking_in_time":"05/10/2022 11:55:06","cabinet_name_out":null,"carparking_out_time":null,"estamp_info_status":false,"estamp_info_name":null,"tci_status":"N","location_car_picture_in":"2209011735000_AS24.jp","location_user_picture_in":"2209011735000_AS23.jp","location_car_picture_out":null,"location_user_picture_out":null},{"tci_id":"3588","card_status":"VM","car_type_status":"MOTORCYCLE","card_code":"VM9D6DAB9D151D40","card_signature":"VM1551CC0","license_plate_text":"","cabinet_name_in":"Gate IN Car 1 Tara 7","carparking_in_time":"05/10/2022 11:55:12","cabinet_name_out":null,"carparking_out_time":null,"estamp_info_status":false,"estamp_info_name":null,"tci_status":"N","location_car_picture_in":"2209011735000_AS24.jp","location_user_picture_in":"2209011735000_AS23.jp","location_car_picture_out":null,"location_user_picture_out":null},{"tci_id":"3589","card_status":"VM","car_type_status":"MOTORCYCLE","card_code":"VM48FAD1B1752246","card_signature":"VM7479B94","license_plate_text":"","cabinet_name_in":"Gate IN Car 1 Tara 7","carparking_in_time":"05/10/2022 11:55:13","cabinet_name_out":null,"carparking_out_time":null,"estamp_info_status":false,"estamp_info_name":null,"tci_status":"N","location_car_picture_in":"2209011735000_AS24.jp","location_user_picture_in":"2209011735000_AS23.jp","location_car_picture_out":null,"location_user_picture_out":null}]},"message":"OK"}
[2022-10-05T11:57:38.743] [INFO] default - 
        TIMESTAMP => 2022-10-05 11:57:38,
        APP_NAME => api_report_siromedge,
        SUB_APP_NAME => /apipos/actionreports/visitor,
        NODE_ID => 0,
        STATUS => REQ,
        REMOTE_ADDRESS => ::1,
        REMOTE_PORT => 52454,
        ORIGINALURL => /apipos/actionreports/visitor/vt_parking_visitor_car_history,    
        DATA : {"m_report_id":"VCI0001","m_report_name":"รายงานการเขาออก","m_car_type":"VISTOR CAR","m_building_name":"ส.ขอนแก่น","m_report_start":"2022-10-05 00:00:00","m_report_end":"2022-10-05 23:59:59"}
[2022-10-05T11:57:38.918] [INFO] default - 
        TIMESTAMP => 2022-10-05 11:57:38,
        APP_NAME => api_report_siromedge,
        SUB_APP_NAME => /apipos/actionreports/visitor,
        NODE_ID => 0,
        STATUS => RES,
        REMOTE_ADDRESS => ::1,
        REMOTE_PORT => 52454,
        ORIGINALURL => /apipos/actionreports/visitor/vt_parking_visitor_car_history,    
        DATA : {"statusCode":"200","error":null,"data":{"header_data":{"m_report_id":"VCI0001","m_report_name":"รายงานการเขาออก","m_car_type":"VISTOR CAR","m_building_name":"ส.ขอนแก่น","m_report_start":"2022-10-05 00:00:00","m_report_end":"2022-10-05 23:59:59","cabinet_obj":{"cabinet_id":1,"cabinet_tax_code":"1234567890123","cabinet_name":"Gate IN Car 1 Tara 7","cabinet_type_id":1,"cabinet_status":"IN","cabinet_code":"CP-INC01","building_code":"0001","building_name":"TARAPark CP All","registered_no":null,"building_tax":"0994000165706","cabinet_ip_address":"10.100.101.182"}},"sub_data":[{"tci_id":"3583","card_status":"VC","car_type_status":"CAR","card_code":"VC73C3A5D13D4C45","card_signature":"VC767F8CD","license_plate_text":"พพ998","cabinet_name_in":"Gate IN Car 1 Tara 7","carparking_in_time":"05/10/2022 11:25:03","cabinet_name_out":null,"carparking_out_time":null,"estamp_info_status":false,"estamp_info_name":null,"tci_status":"N","location_car_picture_in":null,"location_user_picture_in":"Y2022M9D4H21M30S54MS83.png","location_car_picture_out":null,"location_user_picture_out":null},{"tci_id":"3584","card_status":"VC","car_type_status":"CAR","card_code":"VC0E361D4CFE844E","card_signature":"VC8E81DAB","license_plate_text":"123123","cabinet_name_in":"Gate IN Car 1 Tara 7","carparking_in_time":"05/10/2022 11:34:02","cabinet_name_out":null,"carparking_out_time":null,"estamp_info_status":false,"estamp_info_name":null,"tci_status":"N","location_car_picture_in":"2209011735000_AS24.jp","location_user_picture_in":"2209011735000_AS23.jp","location_car_picture_out":null,"location_user_picture_out":null},{"tci_id":"3585","card_status":"VC","car_type_status":"CAR","card_code":"VC09ADA4814BEB45","card_signature":"VC7C07E1B","license_plate_text":"ธอ989","cabinet_name_in":"Gate IN Car 1 Tara 7","carparking_in_time":"05/10/2022 11:36:05","cabinet_name_out":null,"carparking_out_time":null,"estamp_info_status":false,"estamp_info_name":null,"tci_status":"N","location_car_picture_in":null,"location_user_picture_in":"Y2022M9D4H21M41S55MS885.png","location_car_picture_out":null,"location_user_picture_out":null},{"tci_id":"3586","card_status":"VC","car_type_status":"CAR","card_code":"VCFF491EFEF61E43","card_signature":"VC7E4C676","license_plate_text":"ออ852","cabinet_name_in":"Gate IN Car 1 Tara 7","carparking_in_time":"05/10/2022 11:39:17","cabinet_name_out":null,"carparking_out_time":null,"estamp_info_status":true,"estamp_info_name":"1 ชั่วโมง","tci_status":"N","location_car_picture_in":null,"location_user_picture_in":"Y2022M9D4H21M45S8MS30.png","location_car_picture_out":null,"location_user_picture_out":null}]},"message":"OK"}
[2022-10-05T11:58:19.266] [INFO] default - 
        TIMESTAMP => 2022-10-05 11:58:19,
        APP_NAME => api_report_siromedge,
        SUB_APP_NAME => /apipos/actionreports/visitor,
        NODE_ID => 0,
        STATUS => REQ,
        REMOTE_ADDRESS => ::1,
        REMOTE_PORT => 53818,
        ORIGINALURL => /apipos/actionreports/visitor/vt_parking_visitor_car_history,    
        DATA : {"m_report_id":"VCI0001","m_report_name":"รายงานการเขาออก","m_car_type":"VISTOR CAR","m_building_name":"ส.ขอนแก่น","m_report_start":"2022-10-05 00:00:00","m_report_end":"2022-10-05 23:59:59"}
[2022-10-05T11:58:19.535] [INFO] default - 
        TIMESTAMP => 2022-10-05 11:58:19,
        APP_NAME => api_report_siromedge,
        SUB_APP_NAME => /apipos/actionreports/visitor,
        NODE_ID => 0,
        STATUS => RES,
        REMOTE_ADDRESS => ::1,
        REMOTE_PORT => 53818,
        ORIGINALURL => /apipos/actionreports/visitor/vt_parking_visitor_car_history,    
        DATA : {"statusCode":"200","error":null,"data":{"header_data":{"m_report_id":"VCI0001","m_report_name":"รายงานการเขาออก","m_car_type":"VISTOR CAR","m_building_name":"ส.ขอนแก่น","m_report_start":"2022-10-05 00:00:00","m_report_end":"2022-10-05 23:59:59","cabinet_obj":{"cabinet_id":1,"cabinet_tax_code":"1234567890123","cabinet_name":"Gate IN Car 1 Tara 7","cabinet_type_id":1,"cabinet_status":"IN","cabinet_code":"CP-INC01","building_code":"0001","building_name":"TARAPark CP All","registered_no":null,"building_tax":"0994000165706","cabinet_ip_address":"10.100.101.182"}},"sub_data":[{"tci_id":"3583","card_status":"VC","car_type_status":"CAR","card_code":"VC73C3A5D13D4C45","card_signature":"VC767F8CD","license_plate_text":"พพ998","cabinet_name_in":"Gate IN Car 1 Tara 7","carparking_in_time":"05/10/2022 11:25:03","cabinet_name_out":null,"carparking_out_time":null,"estamp_info_status":false,"estamp_info_name":null,"tci_status":"N","location_car_picture_in":null,"location_user_picture_in":"Y2022M9D4H21M30S54MS83.png","location_car_picture_out":null,"location_user_picture_out":null},{"tci_id":"3584","card_status":"VC","car_type_status":"CAR","card_code":"VC0E361D4CFE844E","card_signature":"VC8E81DAB","license_plate_text":"123123","cabinet_name_in":"Gate IN Car 1 Tara 7","carparking_in_time":"05/10/2022 11:34:02","cabinet_name_out":null,"carparking_out_time":null,"estamp_info_status":false,"estamp_info_name":null,"tci_status":"N","location_car_picture_in":"2209011735000_AS24.jp","location_user_picture_in":"2209011735000_AS23.jp","location_car_picture_out":null,"location_user_picture_out":null},{"tci_id":"3585","card_status":"VC","car_type_status":"CAR","card_code":"VC09ADA4814BEB45","card_signature":"VC7C07E1B","license_plate_text":"ธอ989","cabinet_name_in":"Gate IN Car 1 Tara 7","carparking_in_time":"05/10/2022 11:36:05","cabinet_name_out":null,"carparking_out_time":null,"estamp_info_status":false,"estamp_info_name":null,"tci_status":"N","location_car_picture_in":null,"location_user_picture_in":"Y2022M9D4H21M41S55MS885.png","location_car_picture_out":null,"location_user_picture_out":null},{"tci_id":"3586","card_status":"VC","car_type_status":"CAR","card_code":"VCFF491EFEF61E43","card_signature":"VC7E4C676","license_plate_text":"ออ852","cabinet_name_in":"Gate IN Car 1 Tara 7","carparking_in_time":"05/10/2022 11:39:17","cabinet_name_out":null,"carparking_out_time":null,"estamp_info_status":true,"estamp_info_name":"1 ชั่วโมง","tci_status":"N","location_car_picture_in":null,"location_user_picture_in":"Y2022M9D4H21M45S8MS30.png","location_car_picture_out":null,"location_user_picture_out":null}]},"message":"OK"}
[2022-10-05T11:59:34.072] [INFO] default - 
        TIMESTAMP => 2022-10-05 11:59:34,
        APP_NAME => api_report_siromedge,
        SUB_APP_NAME => /apipos/actionreports/visitor,
        NODE_ID => 0,
        STATUS => REQ,
        REMOTE_ADDRESS => ::1,
        REMOTE_PORT => 50526,
        ORIGINALURL => /apipos/actionreports/visitor/vt_parking_visitor_car_history,    
        DATA : {"m_report_id":"VCI0001","m_report_name":"รายงานการเขาออก","m_car_type":"VISTOR CAR","m_building_name":"ส.ขอนแก่น","m_report_start":"2022-10-05 00:00:00","m_report_end":"2022-10-05 23:59:59"}
[2022-10-05T11:59:34.306] [INFO] default - 
        TIMESTAMP => 2022-10-05 11:59:34,
        APP_NAME => api_report_siromedge,
        SUB_APP_NAME => /apipos/actionreports/visitor,
        NODE_ID => 0,
        STATUS => RES,
        REMOTE_ADDRESS => ::1,
        REMOTE_PORT => 50526,
        ORIGINALURL => /apipos/actionreports/visitor/vt_parking_visitor_car_history,    
        DATA : {"statusCode":"200","error":null,"data":{"header_data":{"m_report_id":"VCI0001","m_report_name":"รายงานการเขาออก","m_car_type":"VISTOR CAR","m_building_name":"ส.ขอนแก่น","m_report_start":"2022-10-05 00:00:00","m_report_end":"2022-10-05 23:59:59","cabinet_obj":{"cabinet_id":1,"cabinet_tax_code":"1234567890123","cabinet_name":"Gate IN Car 1 Tara 7","cabinet_type_id":1,"cabinet_status":"IN","cabinet_code":"CP-INC01","building_code":"0001","building_name":"TARAPark CP All","registered_no":null,"building_tax":"0994000165706","cabinet_ip_address":"10.100.101.182"}},"sub_data":[{"tci_id":"3583","card_status":"VC","car_type_status":"CAR","card_code":"VC73C3A5D13D4C45","card_signature":"VC767F8CD","license_plate_text":"พพ998","cabinet_name_in":"Gate IN Car 1 Tara 7","carparking_in_time":"05/10/2022 11:25:03","cabinet_name_out":null,"carparking_out_time":null,"estamp_info_status":false,"estamp_info_name":null,"tci_status":"N","location_car_picture_in":null,"location_user_picture_in":"Y2022M9D4H21M30S54MS83.png","location_car_picture_out":null,"location_user_picture_out":null},{"tci_id":"3584","card_status":"VC","car_type_status":"CAR","card_code":"VC0E361D4CFE844E","card_signature":"VC8E81DAB","license_plate_text":"123123","cabinet_name_in":"Gate IN Car 1 Tara 7","carparking_in_time":"05/10/2022 11:34:02","cabinet_name_out":"Gate IN Car 1 Tara 7","carparking_out_time":"05/10/2022 11:59:29","estamp_info_status":false,"estamp_info_name":null,"tci_status":"Y","location_car_picture_in":"2209011735000_AS24.jp","location_user_picture_in":"2209011735000_AS23.jp","location_car_picture_out":"","location_user_picture_out":""},{"tci_id":"3585","card_status":"VC","car_type_status":"CAR","card_code":"VC09ADA4814BEB45","card_signature":"VC7C07E1B","license_plate_text":"ธอ989","cabinet_name_in":"Gate IN Car 1 Tara 7","carparking_in_time":"05/10/2022 11:36:05","cabinet_name_out":null,"carparking_out_time":null,"estamp_info_status":false,"estamp_info_name":null,"tci_status":"N","location_car_picture_in":null,"location_user_picture_in":"Y2022M9D4H21M41S55MS885.png","location_car_picture_out":null,"location_user_picture_out":null},{"tci_id":"3586","card_status":"VC","car_type_status":"CAR","card_code":"VCFF491EFEF61E43","card_signature":"VC7E4C676","license_plate_text":"ออ852","cabinet_name_in":"Gate IN Car 1 Tara 7","carparking_in_time":"05/10/2022 11:39:17","cabinet_name_out":null,"carparking_out_time":null,"estamp_info_status":true,"estamp_info_name":"1 ชั่วโมง","tci_status":"N","location_car_picture_in":null,"location_user_picture_in":"Y2022M9D4H21M45S8MS30.png","location_car_picture_out":null,"location_user_picture_out":null}]},"message":"OK"}
[2022-10-05T12:06:59.350] [INFO] default - 
        TIMESTAMP => 2022-10-05 12:06:59,
        APP_NAME => api_report_siromedge,
        SUB_APP_NAME => /apipos/actionreports/visitor,
        NODE_ID => 0,
        STATUS => REQ,
        REMOTE_ADDRESS => ::1,
        REMOTE_PORT => 51704,
        ORIGINALURL => /apipos/actionreports/visitor/vt_parking_visitor_car_history,    
        DATA : {"m_report_id":"VCI0001","m_report_name":"รายงานการเขาออก","m_car_type":"VISTOR CAR","m_building_name":"ส.ขอนแก่น","m_report_start":"2022-10-05 00:00:00","m_report_end":"2022-10-05 23:59:59"}
[2022-10-05T12:06:59.536] [INFO] default - 
        TIMESTAMP => 2022-10-05 12:06:59,
        APP_NAME => api_report_siromedge,
        SUB_APP_NAME => /apipos/actionreports/visitor,
        NODE_ID => 0,
        STATUS => RES,
        REMOTE_ADDRESS => ::1,
        REMOTE_PORT => 51704,
        ORIGINALURL => /apipos/actionreports/visitor/vt_parking_visitor_car_history,    
        DATA : {"statusCode":"200","error":null,"data":{"header_data":{"m_report_id":"VCI0001","m_report_name":"รายงานการเขาออก","m_car_type":"VISTOR CAR","m_building_name":"ส.ขอนแก่น","m_report_start":"2022-10-05 00:00:00","m_report_end":"2022-10-05 23:59:59","cabinet_obj":{"cabinet_id":1,"cabinet_tax_code":"1234567890123","cabinet_name":"Gate IN Car 1 Tara 7","cabinet_type_id":1,"cabinet_status":"IN","cabinet_code":"CP-INC01","building_code":"0001","building_name":"TARAPark CP All","registered_no":null,"building_tax":"0994000165706","cabinet_ip_address":"10.100.101.182"}},"sub_data":[{"tci_id":"3583","card_status":"VC","car_type_status":"CAR","card_code":"VC73C3A5D13D4C45","card_signature":"VC767F8CD","license_plate_text":"พพ998","cabinet_name_in":"Gate IN Car 1 Tara 7","carparking_in_time":"05/10/2022 11:25:03","cabinet_name_out":null,"carparking_out_time":null,"estamp_info_status":false,"estamp_info_name":null,"tci_status":"N","location_car_picture_in":null,"location_user_picture_in":"Y2022M9D4H21M30S54MS83.png","location_car_picture_out":null,"location_user_picture_out":null},{"tci_id":"3584","card_status":"VC","car_type_status":"CAR","card_code":"VC0E361D4CFE844E","card_signature":"VC8E81DAB","license_plate_text":"123123","cabinet_name_in":"Gate IN Car 1 Tara 7","carparking_in_time":"05/10/2022 11:34:02","cabinet_name_out":"Gate IN Car 1 Tara 7","carparking_out_time":"05/10/2022 11:59:29","estamp_info_status":false,"estamp_info_name":null,"tci_status":"Y","location_car_picture_in":"2209011735000_AS24.jp","location_user_picture_in":"2209011735000_AS23.jp","location_car_picture_out":"","location_user_picture_out":""},{"tci_id":"3585","card_status":"VC","car_type_status":"CAR","card_code":"VC09ADA4814BEB45","card_signature":"VC7C07E1B","license_plate_text":"ธอ989","cabinet_name_in":"Gate IN Car 1 Tara 7","carparking_in_time":"05/10/2022 11:36:05","cabinet_name_out":null,"carparking_out_time":null,"estamp_info_status":false,"estamp_info_name":null,"tci_status":"N","location_car_picture_in":null,"location_user_picture_in":"Y2022M9D4H21M41S55MS885.png","location_car_picture_out":null,"location_user_picture_out":null},{"tci_id":"3586","card_status":"VC","car_type_status":"CAR","card_code":"VCFF491EFEF61E43","card_signature":"VC7E4C676","license_plate_text":"ออ852","cabinet_name_in":"Gate IN Car 1 Tara 7","carparking_in_time":"05/10/2022 11:39:17","cabinet_name_out":null,"carparking_out_time":null,"estamp_info_status":true,"estamp_info_name":"1 ชั่วโมง","tci_status":"N","location_car_picture_in":null,"location_user_picture_in":"Y2022M9D4H21M45S8MS30.png","location_car_picture_out":null,"location_user_picture_out":null}]},"message":"OK"}
[2022-10-05T12:08:46.586] [INFO] default - 
        TIMESTAMP => 2022-10-05 12:08:46,
        APP_NAME => api_report_siromedge,
        SUB_APP_NAME => /apipos/actionreports/visitor,
        NODE_ID => 0,
        STATUS => REQ,
        REMOTE_ADDRESS => ::1,
        REMOTE_PORT => 60000,
        ORIGINALURL => /apipos/actionreports/visitor/vt_parking_visitor_car_history,    
        DATA : {"m_report_id":"VCI0001","m_report_name":"รายงานการเขาออก","m_car_type":"VISTOR CAR","m_building_name":"ส.ขอนแก่น","m_report_start":"2022-10-05 00:00:00","m_report_end":"2022-10-05 23:59:59"}
[2022-10-05T12:08:46.844] [INFO] default - 
        TIMESTAMP => 2022-10-05 12:08:46,
        APP_NAME => api_report_siromedge,
        SUB_APP_NAME => /apipos/actionreports/visitor,
        NODE_ID => 0,
        STATUS => RES,
        REMOTE_ADDRESS => ::1,
        REMOTE_PORT => 60000,
        ORIGINALURL => /apipos/actionreports/visitor/vt_parking_visitor_car_history,    
        DATA : {"statusCode":"200","error":null,"data":{"header_data":{"m_report_id":"VCI0001","m_report_name":"รายงานการเขาออก","m_car_type":"VISTOR CAR","m_building_name":"ส.ขอนแก่น","m_report_start":"2022-10-05 00:00:00","m_report_end":"2022-10-05 23:59:59","cabinet_obj":{"cabinet_id":1,"cabinet_tax_code":"1234567890123","cabinet_name":"Gate IN Car 1 Tara 7","cabinet_type_id":1,"cabinet_status":"IN","cabinet_code":"CP-INC01","building_code":"0001","building_name":"TARAPark CP All","registered_no":null,"building_tax":"0994000165706","cabinet_ip_address":"10.100.101.182"}},"sub_data":[{"tci_id":"3583","card_status":"VC","car_type_status":"CAR","card_code":"VC73C3A5D13D4C45","card_signature":"VC767F8CD","license_plate_text":"พพ998","cabinet_name_in":"Gate IN Car 1 Tara 7","carparking_in_time":"05/10/2022 11:25:03","cabinet_name_out":null,"carparking_out_time":null,"estamp_info_status":false,"estamp_info_name":null,"tci_status":"N","location_car_picture_in":null,"location_user_picture_in":"Y2022M9D4H21M30S54MS83.png","location_car_picture_out":null,"location_user_picture_out":null},{"tci_id":"3584","card_status":"VC","car_type_status":"CAR","card_code":"VC0E361D4CFE844E","card_signature":"VC8E81DAB","license_plate_text":"123123","cabinet_name_in":"Gate IN Car 1 Tara 7","carparking_in_time":"05/10/2022 11:34:02","cabinet_name_out":"Gate IN Car 1 Tara 7","carparking_out_time":"05/10/2022 11:59:29","estamp_info_status":false,"estamp_info_name":null,"tci_status":"Y","location_car_picture_in":"2209011735000_AS24.jp","location_user_picture_in":"2209011735000_AS23.jp","location_car_picture_out":"","location_user_picture_out":""},{"tci_id":"3585","card_status":"VC","car_type_status":"CAR","card_code":"VC09ADA4814BEB45","card_signature":"VC7C07E1B","license_plate_text":"ธอ989","cabinet_name_in":"Gate IN Car 1 Tara 7","carparking_in_time":"05/10/2022 11:36:05","cabinet_name_out":"Gate IN Car 1 Tara 7","carparking_out_time":"05/10/2022 12:08:36","estamp_info_status":false,"estamp_info_name":null,"tci_status":"Y","location_car_picture_in":null,"location_user_picture_in":"Y2022M9D4H21M41S55MS885.png","location_car_picture_out":"2209011735000_AS24.jp","location_user_picture_out":"2209011735000_AS23.jp"},{"tci_id":"3586","card_status":"VC","car_type_status":"CAR","card_code":"VCFF491EFEF61E43","card_signature":"VC7E4C676","license_plate_text":"ออ852","cabinet_name_in":"Gate IN Car 1 Tara 7","carparking_in_time":"05/10/2022 11:39:17","cabinet_name_out":null,"carparking_out_time":null,"estamp_info_status":true,"estamp_info_name":"1 ชั่วโมง","tci_status":"N","location_car_picture_in":null,"location_user_picture_in":"Y2022M9D4H21M45S8MS30.png","location_car_picture_out":null,"location_user_picture_out":null}]},"message":"OK"}
[2022-10-05T12:11:33.101] [INFO] default - 
        TIMESTAMP => 2022-10-05 12:11:33,
        APP_NAME => api_report_siromedge,
        SUB_APP_NAME => /apipos/actionreports/visitor,
        NODE_ID => 0,
        STATUS => REQ,
        REMOTE_ADDRESS => ::1,
        REMOTE_PORT => 59819,
        ORIGINALURL => /apipos/actionreports/visitor/vt_parking_visitor_car_history,    
        DATA : {"m_report_id":"VCI0001","m_report_name":"รายงานการเขาออก","m_car_type":"VISTOR CAR","m_building_name":"ส.ขอนแก่น","m_report_start":"2022-10-05 00:00:00","m_report_end":"2022-10-05 23:59:59"}
[2022-10-05T12:11:33.265] [INFO] default - 
        TIMESTAMP => 2022-10-05 12:11:33,
        APP_NAME => api_report_siromedge,
        SUB_APP_NAME => /apipos/actionreports/visitor,
        NODE_ID => 0,
        STATUS => RES,
        REMOTE_ADDRESS => ::1,
        REMOTE_PORT => 59819,
        ORIGINALURL => /apipos/actionreports/visitor/vt_parking_visitor_car_history,    
        DATA : {"statusCode":"200","error":null,"data":{"header_data":{"m_report_id":"VCI0001","m_report_name":"รายงานการเขาออก","m_car_type":"VISTOR CAR","m_building_name":"ส.ขอนแก่น","m_report_start":"2022-10-05 00:00:00","m_report_end":"2022-10-05 23:59:59","cabinet_obj":{"cabinet_id":1,"cabinet_tax_code":"1234567890123","cabinet_name":"Gate IN Car 1 Tara 7","cabinet_type_id":1,"cabinet_status":"IN","cabinet_code":"CP-INC01","building_code":"0001","building_name":"TARAPark CP All","registered_no":null,"building_tax":"0994000165706","cabinet_ip_address":"10.100.101.182"}},"sub_data":[{"tci_id":"3583","card_status":"VC","car_type_status":"CAR","card_code":"VC73C3A5D13D4C45","card_signature":"VC767F8CD","license_plate_text":"พพ998","cabinet_name_in":"Gate IN Car 1 Tara 7","carparking_in_time":"05/10/2022 11:25:03","cabinet_name_out":null,"carparking_out_time":null,"estamp_info_status":false,"estamp_info_name":null,"tci_status":"N","location_car_picture_in":null,"location_user_picture_in":"Y2022M9D4H21M30S54MS83.png","location_car_picture_out":null,"location_user_picture_out":null},{"tci_id":"3584","card_status":"VC","car_type_status":"CAR","card_code":"VC0E361D4CFE844E","card_signature":"VC8E81DAB","license_plate_text":"123123","cabinet_name_in":"Gate IN Car 1 Tara 7","carparking_in_time":"05/10/2022 11:34:02","cabinet_name_out":"Gate IN Car 1 Tara 7","carparking_out_time":"05/10/2022 11:59:29","estamp_info_status":false,"estamp_info_name":null,"tci_status":"Y","location_car_picture_in":"2209011735000_AS24.jp","location_user_picture_in":"2209011735000_AS23.jp","location_car_picture_out":"","location_user_picture_out":""},{"tci_id":"3585","card_status":"VC","car_type_status":"CAR","card_code":"VC09ADA4814BEB45","card_signature":"VC7C07E1B","license_plate_text":"ธอ989","cabinet_name_in":"Gate IN Car 1 Tara 7","carparking_in_time":"05/10/2022 11:36:05","cabinet_name_out":"Gate IN Car 1 Tara 7","carparking_out_time":"05/10/2022 12:08:36","estamp_info_status":false,"estamp_info_name":null,"tci_status":"Y","location_car_picture_in":null,"location_user_picture_in":"Y2022M9D4H21M41S55MS885.png","location_car_picture_out":"2209011735000_AS24.jp","location_user_picture_out":"2209011735000_AS23.jp"},{"tci_id":"3586","card_status":"VC","car_type_status":"CAR","card_code":"VCFF491EFEF61E43","card_signature":"VC7E4C676","license_plate_text":"ออ852","cabinet_name_in":"Gate IN Car 1 Tara 7","carparking_in_time":"05/10/2022 11:39:17","cabinet_name_out":null,"carparking_out_time":null,"estamp_info_status":true,"estamp_info_name":"1 ชั่วโมง","tci_status":"N","location_car_picture_in":null,"location_user_picture_in":"Y2022M9D4H21M45S8MS30.png","location_car_picture_out":null,"location_user_picture_out":null}]},"message":"OK"}
[2022-10-05T12:15:44.365] [INFO] default - 
        TIMESTAMP => 2022-10-05 12:15:44,
        APP_NAME => api_report_siromedge,
        SUB_APP_NAME => /apipos/actionreports/visitor,
        NODE_ID => 0,
        STATUS => REQ,
        REMOTE_ADDRESS => ::1,
        REMOTE_PORT => 60882,
        ORIGINALURL => /apipos/actionreports/visitor/vt_parking_visitor_car_history,    
        DATA : {"m_report_id":"VCI0001","m_report_name":"รายงานการเขาออก","m_car_type":"VISTOR CAR","m_building_name":"ส.ขอนแก่น","m_report_start":"2022-10-05 00:00:00","m_report_end":"2022-10-05 23:59:59"}
[2022-10-05T12:15:44.536] [INFO] default - 
        TIMESTAMP => 2022-10-05 12:15:44,
        APP_NAME => api_report_siromedge,
        SUB_APP_NAME => /apipos/actionreports/visitor,
        NODE_ID => 0,
        STATUS => RES,
        REMOTE_ADDRESS => ::1,
        REMOTE_PORT => 60882,
        ORIGINALURL => /apipos/actionreports/visitor/vt_parking_visitor_car_history,    
        DATA : {"statusCode":"200","error":null,"data":{"header_data":{"m_report_id":"VCI0001","m_report_name":"รายงานการเขาออก","m_car_type":"VISTOR CAR","m_building_name":"ส.ขอนแก่น","m_report_start":"2022-10-05 00:00:00","m_report_end":"2022-10-05 23:59:59","cabinet_obj":{"cabinet_id":1,"cabinet_tax_code":"1234567890123","cabinet_name":"Gate IN Car 1 Tara 7","cabinet_type_id":1,"cabinet_status":"IN","cabinet_code":"CP-INC01","building_code":"0001","building_name":"TARAPark CP All","registered_no":null,"building_tax":"0994000165706","cabinet_ip_address":"10.100.101.182"}},"sub_data":[{"tci_id":"3583","card_status":"VC","car_type_status":"CAR","card_code":"VC73C3A5D13D4C45","card_signature":"VC767F8CD","license_plate_text":"พพ998","cabinet_name_in":"Gate IN Car 1 Tara 7","carparking_in_time":"05/10/2022 11:25:03","cabinet_name_out":null,"carparking_out_time":null,"estamp_info_status":false,"estamp_info_name":null,"tci_status":"N","location_car_picture_in":null,"location_user_picture_in":"Y2022M9D4H21M30S54MS83.png","location_car_picture_out":null,"location_user_picture_out":null},{"tci_id":"3584","card_status":"VC","car_type_status":"CAR","card_code":"VC0E361D4CFE844E","card_signature":"VC8E81DAB","license_plate_text":"123123","cabinet_name_in":"Gate IN Car 1 Tara 7","carparking_in_time":"05/10/2022 11:34:02","cabinet_name_out":"Gate IN Car 1 Tara 7","carparking_out_time":"05/10/2022 11:59:29","estamp_info_status":false,"estamp_info_name":null,"tci_status":"Y","location_car_picture_in":"2209011735000_AS24.jp","location_user_picture_in":"2209011735000_AS23.jp","location_car_picture_out":"","location_user_picture_out":""},{"tci_id":"3585","card_status":"VC","car_type_status":"CAR","card_code":"VC09ADA4814BEB45","card_signature":"VC7C07E1B","license_plate_text":"ธอ989","cabinet_name_in":"Gate IN Car 1 Tara 7","carparking_in_time":"05/10/2022 11:36:05","cabinet_name_out":"Gate IN Car 1 Tara 7","carparking_out_time":"05/10/2022 12:08:36","estamp_info_status":false,"estamp_info_name":null,"tci_status":"Y","location_car_picture_in":null,"location_user_picture_in":"Y2022M9D4H21M41S55MS885.png","location_car_picture_out":"2209011735000_AS24.jp","location_user_picture_out":"2209011735000_AS23.jp"},{"tci_id":"3586","card_status":"VC","car_type_status":"CAR","card_code":"VCFF491EFEF61E43","card_signature":"VC7E4C676","license_plate_text":"ออ852","cabinet_name_in":"Gate IN Car 1 Tara 7","carparking_in_time":"05/10/2022 11:39:17","cabinet_name_out":null,"carparking_out_time":null,"estamp_info_status":true,"estamp_info_name":"1 ชั่วโมง","tci_status":"N","location_car_picture_in":null,"location_user_picture_in":"Y2022M9D4H21M45S8MS30.png","location_car_picture_out":null,"location_user_picture_out":null}]},"message":"OK"}
[2022-10-05T12:15:54.690] [INFO] default - 
        TIMESTAMP => 2022-10-05 12:15:54,
        APP_NAME => api_report_siromedge,
        SUB_APP_NAME => /apipos/actionreports/visitor,
        NODE_ID => 0,
        STATUS => REQ,
        REMOTE_ADDRESS => ::1,
        REMOTE_PORT => 53517,
        ORIGINALURL => /apipos/actionreports/visitor/vt_parking_visitor_motorcycle_history,    
        DATA : {"m_report_id":"VMI0001","m_report_name":"รายงานการเขาออก","m_car_type":"VISTOR MOTORCYCLE","m_building_name":"ส.ขอนแก่น","m_report_start":"2022-10-05 00:00:00","m_report_end":"2022-10-05 23:59:59"}
[2022-10-05T12:15:54.848] [INFO] default - 
        TIMESTAMP => 2022-10-05 12:15:54,
        APP_NAME => api_report_siromedge,
        SUB_APP_NAME => /apipos/actionreports/visitor,
        NODE_ID => 0,
        STATUS => RES,
        REMOTE_ADDRESS => ::1,
        REMOTE_PORT => 53517,
        ORIGINALURL => /apipos/actionreports/visitor/vt_parking_visitor_motorcycle_history,    
        DATA : {"statusCode":"200","error":null,"data":{"header_data":{"m_report_id":"VMI0001","m_report_name":"รายงานการเขาออก","m_car_type":"VISTOR MOTORCYCLE","m_building_name":"ส.ขอนแก่น","m_report_start":"2022-10-05 00:00:00","m_report_end":"2022-10-05 23:59:59","cabinet_obj":{"cabinet_id":1,"cabinet_tax_code":"1234567890123","cabinet_name":"Gate IN Car 1 Tara 7","cabinet_type_id":1,"cabinet_status":"IN","cabinet_code":"CP-INC01","building_code":"0001","building_name":"TARAPark CP All","registered_no":null,"building_tax":"0994000165706","cabinet_ip_address":"10.100.101.182"}},"sub_data":[{"tci_id":"3587","card_status":"VM","car_type_status":"MOTORCYCLE","card_code":"VM2844CDF5651B48","card_signature":"VM643026C","license_plate_text":"","cabinet_name_in":"Gate IN Car 1 Tara 7","carparking_in_time":"05/10/2022 11:55:06","cabinet_name_out":null,"carparking_out_time":null,"estamp_info_status":false,"estamp_info_name":null,"tci_status":"N","location_car_picture_in":"2209011735000_AS24.jp","location_user_picture_in":"2209011735000_AS23.jp","location_car_picture_out":null,"location_user_picture_out":null},{"tci_id":"3588","card_status":"VM","car_type_status":"MOTORCYCLE","card_code":"VM9D6DAB9D151D40","card_signature":"VM1551CC0","license_plate_text":"","cabinet_name_in":"Gate IN Car 1 Tara 7","carparking_in_time":"05/10/2022 11:55:12","cabinet_name_out":null,"carparking_out_time":null,"estamp_info_status":false,"estamp_info_name":null,"tci_status":"N","location_car_picture_in":"2209011735000_AS24.jp","location_user_picture_in":"2209011735000_AS23.jp","location_car_picture_out":null,"location_user_picture_out":null},{"tci_id":"3589","card_status":"VM","car_type_status":"MOTORCYCLE","card_code":"VM48FAD1B1752246","card_signature":"VM7479B94","license_plate_text":"","cabinet_name_in":"Gate IN Car 1 Tara 7","carparking_in_time":"05/10/2022 11:55:13","cabinet_name_out":null,"carparking_out_time":null,"estamp_info_status":false,"estamp_info_name":null,"tci_status":"N","location_car_picture_in":"2209011735000_AS24.jp","location_user_picture_in":"2209011735000_AS23.jp","location_car_picture_out":null,"location_user_picture_out":null}]},"message":"OK"}
[2022-10-05T13:22:23.871] [INFO] default - 
        TIMESTAMP => 2022-10-05 13:22:23,
        APP_NAME => api_report_siromedge,
        SUB_APP_NAME => /apipos/actionreports/visitor,
        NODE_ID => 0,
        STATUS => REQ,
        REMOTE_ADDRESS => ::1,
        REMOTE_PORT => 55387,
        ORIGINALURL => /apipos/actionreports/visitor/vt_parking_visitor_motorcycle_history,    
        DATA : {"m_report_id":"VMI0001","m_report_name":"รายงานการเขาออก","m_car_type":"VISTOR MOTORCYCLE","m_building_name":"ส.ขอนแก่น","m_report_start":"2022-10-05 00:00:00","m_report_end":"2022-10-05 23:59:59"}
[2022-10-05T13:22:31.736] [INFO] default - 
        TIMESTAMP => 2022-10-05 13:22:31,
        APP_NAME => api_report_siromedge,
        SUB_APP_NAME => /apipos/actionreports/visitor,
        NODE_ID => 0,
        STATUS => REQ,
        REMOTE_ADDRESS => ::1,
        REMOTE_PORT => 57569,
        ORIGINALURL => /apipos/actionreports/visitor/vt_parking_visitor_motorcycle_history,    
        DATA : {"m_report_id":"VMI0001","m_report_name":"รายงานการเขาออก","m_car_type":"VISTOR MOTORCYCLE","m_building_name":"ส.ขอนแก่น","m_report_start":"2022-10-05 00:00:00","m_report_end":"2022-10-05 23:59:59"}
[2022-10-05T13:22:31.900] [INFO] default - 
        TIMESTAMP => 2022-10-05 13:22:31,
        APP_NAME => api_report_siromedge,
        SUB_APP_NAME => /apipos/actionreports/visitor,
        NODE_ID => 0,
        STATUS => RES,
        REMOTE_ADDRESS => ::1,
        REMOTE_PORT => 57569,
        ORIGINALURL => /apipos/actionreports/visitor/vt_parking_visitor_motorcycle_history,    
        DATA : {"statusCode":"200","error":null,"data":{"header_data":{"m_report_id":"VMI0001","m_report_name":"รายงานการเขาออก","m_car_type":"VISTOR MOTORCYCLE","m_building_name":"ส.ขอนแก่น","m_report_start":"2022-10-05 00:00:00","m_report_end":"2022-10-05 23:59:59","cabinet_obj":{"cabinet_id":1,"cabinet_tax_code":"1234567890123","cabinet_name":"Gate IN Car 1 Tara 7","cabinet_type_id":1,"cabinet_status":"IN","cabinet_code":"CP-INC01","building_code":"0001","building_name":"TARAPark CP All","registered_no":null,"building_tax":"0994000165706","cabinet_ip_address":"10.100.101.182"}},"sub_data":[{"tci_id":"3587","card_status":"VM","car_type_status":"MOTORCYCLE","card_code":"VM2844CDF5651B48","card_signature":"VM643026C","license_plate_text":"","cabinet_name_in":"Gate IN Car 1 Tara 7","carparking_in_time":"05/10/2022 11:55:06","cabinet_name_out":null,"carparking_out_time":null,"estamp_info_status":false,"estamp_info_name":null,"tci_status":"N","location_car_picture_in":"2209011735000_AS24.jp","location_user_picture_in":"2209011735000_AS23.jp","location_car_picture_out":null,"location_user_picture_out":null},{"tci_id":"3588","card_status":"VM","car_type_status":"MOTORCYCLE","card_code":"VM9D6DAB9D151D40","card_signature":"VM1551CC0","license_plate_text":"","cabinet_name_in":"Gate IN Car 1 Tara 7","carparking_in_time":"05/10/2022 11:55:12","cabinet_name_out":null,"carparking_out_time":null,"estamp_info_status":false,"estamp_info_name":null,"tci_status":"N","location_car_picture_in":"2209011735000_AS24.jp","location_user_picture_in":"2209011735000_AS23.jp","location_car_picture_out":null,"location_user_picture_out":null},{"tci_id":"3589","card_status":"VM","car_type_status":"MOTORCYCLE","card_code":"VM48FAD1B1752246","card_signature":"VM7479B94","license_plate_text":"","cabinet_name_in":"Gate IN Car 1 Tara 7","carparking_in_time":"05/10/2022 11:55:13","cabinet_name_out":null,"carparking_out_time":null,"estamp_info_status":false,"estamp_info_name":null,"tci_status":"N","location_car_picture_in":"2209011735000_AS24.jp","location_user_picture_in":"2209011735000_AS23.jp","location_car_picture_out":null,"location_user_picture_out":null}]},"message":"OK"}
[2022-10-05T13:27:26.861] [INFO] default - 
        TIMESTAMP => 2022-10-05 13:27:26,
        APP_NAME => api_report_siromedge,
        SUB_APP_NAME => /apipos/actionreports/visitor,
        NODE_ID => 0,
        STATUS => REQ,
        REMOTE_ADDRESS => ::1,
        REMOTE_PORT => 63767,
        ORIGINALURL => /apipos/actionreports/visitor/vt_parking_visitor_car_history,    
        DATA : {"m_report_id":"VCI0001","m_report_name":"รายงานการเขาออก","m_car_type":"VISTOR CAR","m_building_name":"ส.ขอนแก่น","m_report_start":"2022-10-05 00:00:00","m_report_end":"2022-10-05 23:59:59"}
[2022-10-05T13:27:27.033] [INFO] default - 
        TIMESTAMP => 2022-10-05 13:27:27,
        APP_NAME => api_report_siromedge,
        SUB_APP_NAME => /apipos/actionreports/visitor,
        NODE_ID => 0,
        STATUS => RES,
        REMOTE_ADDRESS => ::1,
        REMOTE_PORT => 63767,
        ORIGINALURL => /apipos/actionreports/visitor/vt_parking_visitor_car_history,    
        DATA : {"statusCode":"200","error":null,"data":{"header_data":{"m_report_id":"VCI0001","m_report_name":"รายงานการเขาออก","m_car_type":"VISTOR CAR","m_building_name":"ส.ขอนแก่น","m_report_start":"2022-10-05 00:00:00","m_report_end":"2022-10-05 23:59:59","cabinet_obj":{"cabinet_id":1,"cabinet_tax_code":"1234567890123","cabinet_name":"Gate IN Car 1 Tara 7","cabinet_type_id":1,"cabinet_status":"IN","cabinet_code":"CP-INC01","building_code":"0001","building_name":"TARAPark CP All","registered_no":null,"building_tax":"0994000165706","cabinet_ip_address":"10.100.101.182"}},"sub_data":[{"tci_id":"3583","card_status":"VC","car_type_status":"CAR","card_code":"VC73C3A5D13D4C45","card_signature":"VC767F8CD","license_plate_text":"พพ998","cabinet_name_in":"Gate IN Car 1 Tara 7","carparking_in_time":"05/10/2022 11:25:03","cabinet_name_out":null,"carparking_out_time":null,"estamp_info_status":false,"estamp_info_name":null,"tci_status":"N","location_car_picture_in":null,"location_user_picture_in":"Y2022M9D4H21M30S54MS83.png","location_car_picture_out":null,"location_user_picture_out":null},{"tci_id":"3584","card_status":"VC","car_type_status":"CAR","card_code":"VC0E361D4CFE844E","card_signature":"VC8E81DAB","license_plate_text":"123123","cabinet_name_in":"Gate IN Car 1 Tara 7","carparking_in_time":"05/10/2022 11:34:02","cabinet_name_out":"Gate IN Car 1 Tara 7","carparking_out_time":"05/10/2022 11:59:29","estamp_info_status":false,"estamp_info_name":null,"tci_status":"Y","location_car_picture_in":"2209011735000_AS24.jp","location_user_picture_in":"2209011735000_AS23.jp","location_car_picture_out":"","location_user_picture_out":""},{"tci_id":"3585","card_status":"VC","car_type_status":"CAR","card_code":"VC09ADA4814BEB45","card_signature":"VC7C07E1B","license_plate_text":"ธอ989","cabinet_name_in":"Gate IN Car 1 Tara 7","carparking_in_time":"05/10/2022 11:36:05","cabinet_name_out":"Gate IN Car 1 Tara 7","carparking_out_time":"05/10/2022 12:08:36","estamp_info_status":false,"estamp_info_name":null,"tci_status":"Y","location_car_picture_in":null,"location_user_picture_in":"Y2022M9D4H21M41S55MS885.png","location_car_picture_out":"2209011735000_AS24.jp","location_user_picture_out":"2209011735000_AS23.jp"},{"tci_id":"3586","card_status":"VC","car_type_status":"CAR","card_code":"VCFF491EFEF61E43","card_signature":"VC7E4C676","license_plate_text":"ออ852","cabinet_name_in":"Gate IN Car 1 Tara 7","carparking_in_time":"05/10/2022 11:39:17","cabinet_name_out":null,"carparking_out_time":null,"estamp_info_status":true,"estamp_info_name":"1 ชั่วโมง","tci_status":"N","location_car_picture_in":null,"location_user_picture_in":"Y2022M9D4H21M45S8MS30.png","location_car_picture_out":null,"location_user_picture_out":null}]},"message":"OK"}
[2022-10-05T13:43:19.922] [INFO] default - 
        TIMESTAMP => 2022-10-05 13:43:19,
        APP_NAME => api_report_siromedge,
        SUB_APP_NAME => /apipos/actionreports/visitor,
        NODE_ID => 0,
        STATUS => REQ,
        REMOTE_ADDRESS => ::1,
        REMOTE_PORT => 60198,
        ORIGINALURL => /apipos/actionreports/visitor/vt_parking_visitor_car_history,    
        DATA : {"m_report_id":"VCI0001","m_report_name":"รายงานการเขาออก","m_car_type":"VISTOR CAR","m_building_name":"ส.ขอนแก่น","m_report_start":"2022-10-05 00:00:00","m_report_end":"2022-10-05 23:59:59"}
[2022-10-05T13:43:20.159] [INFO] default - 
        TIMESTAMP => 2022-10-05 13:43:20,
        APP_NAME => api_report_siromedge,
        SUB_APP_NAME => /apipos/actionreports/visitor,
        NODE_ID => 0,
        STATUS => RES,
        REMOTE_ADDRESS => ::1,
        REMOTE_PORT => 60198,
        ORIGINALURL => /apipos/actionreports/visitor/vt_parking_visitor_car_history,    
        DATA : {"statusCode":"200","error":null,"data":{"header_data":{"m_report_id":"VCI0001","m_report_name":"รายงานการเขาออก","m_car_type":"VISTOR CAR","m_building_name":"ส.ขอนแก่น","m_report_start":"2022-10-05 00:00:00","m_report_end":"2022-10-05 23:59:59","cabinet_obj":{"cabinet_id":1,"cabinet_tax_code":"1234567890123","cabinet_name":"Gate IN Car 1 Tara 7","cabinet_type_id":1,"cabinet_status":"IN","cabinet_code":"CP-INC01","building_code":"0001","building_name":"TARAPark CP All","registered_no":null,"building_tax":"0994000165706","cabinet_ip_address":"10.100.101.182"}},"sub_data":[{"tci_id":"3583","card_status":"VC","car_type_status":"CAR","card_code":"VC73C3A5D13D4C45","card_signature":"VC767F8CD","license_plate_text":"พพ998","cabinet_name_in":"Gate IN Car 1 Tara 7","carparking_in_time":"05/10/2022 11:25:03","cabinet_name_out":null,"carparking_out_time":null,"estamp_info_status":false,"estamp_info_name":null,"tci_status":"N","location_car_picture_in":null,"location_user_picture_in":"Y2022M9D4H21M30S54MS83.png","location_car_picture_out":null,"location_user_picture_out":null},{"tci_id":"3584","card_status":"VC","car_type_status":"CAR","card_code":"VC0E361D4CFE844E","card_signature":"VC8E81DAB","license_plate_text":"123123","cabinet_name_in":"Gate IN Car 1 Tara 7","carparking_in_time":"05/10/2022 11:34:02","cabinet_name_out":"Gate IN Car 1 Tara 7","carparking_out_time":"05/10/2022 11:59:29","estamp_info_status":false,"estamp_info_name":null,"tci_status":"Y","location_car_picture_in":"2209011735000_AS24.jp","location_user_picture_in":"2209011735000_AS23.jp","location_car_picture_out":"","location_user_picture_out":""},{"tci_id":"3585","card_status":"VC","car_type_status":"CAR","card_code":"VC09ADA4814BEB45","card_signature":"VC7C07E1B","license_plate_text":"ธอ989","cabinet_name_in":"Gate IN Car 1 Tara 7","carparking_in_time":"05/10/2022 11:36:05","cabinet_name_out":"Gate IN Car 1 Tara 7","carparking_out_time":"05/10/2022 12:08:36","estamp_info_status":false,"estamp_info_name":null,"tci_status":"Y","location_car_picture_in":null,"location_user_picture_in":"Y2022M9D4H21M41S55MS885.png","location_car_picture_out":"2209011735000_AS24.jp","location_user_picture_out":"2209011735000_AS23.jp"},{"tci_id":"3586","card_status":"VC","car_type_status":"CAR","card_code":"VCFF491EFEF61E43","card_signature":"VC7E4C676","license_plate_text":"ออ852","cabinet_name_in":"Gate IN Car 1 Tara 7","carparking_in_time":"05/10/2022 11:39:17","cabinet_name_out":null,"carparking_out_time":null,"estamp_info_status":true,"estamp_info_name":"1 ชั่วโมง","tci_status":"N","location_car_picture_in":null,"location_user_picture_in":"Y2022M9D4H21M45S8MS30.png","location_car_picture_out":null,"location_user_picture_out":null},{"tci_id":"3590","card_status":"VC","car_type_status":"CAR","card_code":"VCD78FA7EEAF834B","card_signature":"VC01D6485","license_plate_text":"123123","cabinet_name_in":"Gate IN Car 1 Tara 7","carparking_in_time":"05/10/2022 13:32:53","cabinet_name_out":null,"carparking_out_time":null,"estamp_info_status":false,"estamp_info_name":null,"tci_status":"N","location_car_picture_in":"2209011735000_AS24.jp","location_user_picture_in":"2209011735000_AS23.jp","location_car_picture_out":null,"location_user_picture_out":null}]},"message":"OK"}
[2022-10-05T13:43:26.466] [INFO] default - 
        TIMESTAMP => 2022-10-05 13:43:26,
        APP_NAME => api_report_siromedge,
        SUB_APP_NAME => /apipos/actionreports/visitor,
        NODE_ID => 0,
        STATUS => REQ,
        REMOTE_ADDRESS => ::1,
        REMOTE_PORT => 57753,
        ORIGINALURL => /apipos/actionreports/visitor/vt_parking_visitor_motorcycle_history,    
        DATA : {"m_report_id":"VMI0001","m_report_name":"รายงานการเขาออก","m_car_type":"VISTOR MOTORCYCLE","m_building_name":"ส.ขอนแก่น","m_report_start":"2022-10-05 00:00:00","m_report_end":"2022-10-05 23:59:59"}
[2022-10-05T13:43:26.702] [INFO] default - 
        TIMESTAMP => 2022-10-05 13:43:26,
        APP_NAME => api_report_siromedge,
        SUB_APP_NAME => /apipos/actionreports/visitor,
        NODE_ID => 0,
        STATUS => RES,
        REMOTE_ADDRESS => ::1,
        REMOTE_PORT => 57753,
        ORIGINALURL => /apipos/actionreports/visitor/vt_parking_visitor_motorcycle_history,    
        DATA : {"statusCode":"200","error":null,"data":{"header_data":{"m_report_id":"VMI0001","m_report_name":"รายงานการเขาออก","m_car_type":"VISTOR MOTORCYCLE","m_building_name":"ส.ขอนแก่น","m_report_start":"2022-10-05 00:00:00","m_report_end":"2022-10-05 23:59:59","cabinet_obj":{"cabinet_id":1,"cabinet_tax_code":"1234567890123","cabinet_name":"Gate IN Car 1 Tara 7","cabinet_type_id":1,"cabinet_status":"IN","cabinet_code":"CP-INC01","building_code":"0001","building_name":"TARAPark CP All","registered_no":null,"building_tax":"0994000165706","cabinet_ip_address":"10.100.101.182"}},"sub_data":[{"tci_id":"3587","card_status":"VM","car_type_status":"MOTORCYCLE","card_code":"VM2844CDF5651B48","card_signature":"VM643026C","license_plate_text":"","cabinet_name_in":"Gate IN Car 1 Tara 7","carparking_in_time":"05/10/2022 11:55:06","cabinet_name_out":null,"carparking_out_time":null,"estamp_info_status":false,"estamp_info_name":null,"tci_status":"N","location_car_picture_in":"2209011735000_AS24.jp","location_user_picture_in":"2209011735000_AS23.jp","location_car_picture_out":null,"location_user_picture_out":null},{"tci_id":"3588","card_status":"VM","car_type_status":"MOTORCYCLE","card_code":"VM9D6DAB9D151D40","card_signature":"VM1551CC0","license_plate_text":"","cabinet_name_in":"Gate IN Car 1 Tara 7","carparking_in_time":"05/10/2022 11:55:12","cabinet_name_out":null,"carparking_out_time":null,"estamp_info_status":false,"estamp_info_name":null,"tci_status":"N","location_car_picture_in":"2209011735000_AS24.jp","location_user_picture_in":"2209011735000_AS23.jp","location_car_picture_out":null,"location_user_picture_out":null},{"tci_id":"3589","card_status":"VM","car_type_status":"MOTORCYCLE","card_code":"VM48FAD1B1752246","card_signature":"VM7479B94","license_plate_text":"","cabinet_name_in":"Gate IN Car 1 Tara 7","carparking_in_time":"05/10/2022 11:55:13","cabinet_name_out":null,"carparking_out_time":null,"estamp_info_status":false,"estamp_info_name":null,"tci_status":"N","location_car_picture_in":"2209011735000_AS24.jp","location_user_picture_in":"2209011735000_AS23.jp","location_car_picture_out":null,"location_user_picture_out":null}]},"message":"OK"}
[2022-10-05T13:45:28.106] [INFO] default - 
        TIMESTAMP => 2022-10-05 13:45:28,
        APP_NAME => api_report_siromedge,
        SUB_APP_NAME => /apipos/actionreports/visitor,
        NODE_ID => 0,
        STATUS => REQ,
        REMOTE_ADDRESS => ::1,
        REMOTE_PORT => 54853,
        ORIGINALURL => /apipos/actionreports/visitor/vt_parking_visitor_motorcycle_history,    
        DATA : {"m_report_id":"VMI0001","m_report_name":"รายงานการเขาออก","m_car_type":"VISTOR MOTORCYCLE","m_building_name":"ส.ขอนแก่น","m_report_start":"2022-10-05 00:00:00","m_report_end":"2022-10-05 23:59:59"}
[2022-10-05T13:45:28.350] [INFO] default - 
        TIMESTAMP => 2022-10-05 13:45:28,
        APP_NAME => api_report_siromedge,
        SUB_APP_NAME => /apipos/actionreports/visitor,
        NODE_ID => 0,
        STATUS => RES,
        REMOTE_ADDRESS => ::1,
        REMOTE_PORT => 54853,
        ORIGINALURL => /apipos/actionreports/visitor/vt_parking_visitor_motorcycle_history,    
        DATA : {"statusCode":"200","error":null,"data":{"header_data":{"m_report_id":"VMI0001","m_report_name":"รายงานการเขาออก","m_car_type":"VISTOR MOTORCYCLE","m_building_name":"ส.ขอนแก่น","m_report_start":"2022-10-05 00:00:00","m_report_end":"2022-10-05 23:59:59","cabinet_obj":{"cabinet_id":1,"cabinet_tax_code":"1234567890123","cabinet_name":"Gate IN Car 1 Tara 7","cabinet_type_id":1,"cabinet_status":"IN","cabinet_code":"CP-INC01","building_code":"0001","building_name":"TARAPark CP All","registered_no":null,"building_tax":"0994000165706","cabinet_ip_address":"10.100.101.182"}},"sub_data":[{"tci_id":"3587","card_status":"VM","car_type_status":"MOTORCYCLE","card_code":"VM2844CDF5651B48","card_signature":"VM643026C","license_plate_text":"","cabinet_name_in":"Gate IN Car 1 Tara 7","carparking_in_time":"05/10/2022 11:55:06","cabinet_name_out":null,"carparking_out_time":null,"estamp_info_status":false,"estamp_info_name":null,"tci_status":"N","location_car_picture_in":"2209011735000_AS24.jp","location_user_picture_in":"2209011735000_AS23.jp","location_car_picture_out":null,"location_user_picture_out":null},{"tci_id":"3588","card_status":"VM","car_type_status":"MOTORCYCLE","card_code":"VM9D6DAB9D151D40","card_signature":"VM1551CC0","license_plate_text":"","cabinet_name_in":"Gate IN Car 1 Tara 7","carparking_in_time":"05/10/2022 11:55:12","cabinet_name_out":null,"carparking_out_time":null,"estamp_info_status":false,"estamp_info_name":null,"tci_status":"N","location_car_picture_in":"2209011735000_AS24.jp","location_user_picture_in":"2209011735000_AS23.jp","location_car_picture_out":null,"location_user_picture_out":null},{"tci_id":"3589","card_status":"VM","car_type_status":"MOTORCYCLE","card_code":"VM48FAD1B1752246","card_signature":"VM7479B94","license_plate_text":"","cabinet_name_in":"Gate IN Car 1 Tara 7","carparking_in_time":"05/10/2022 11:55:13","cabinet_name_out":null,"carparking_out_time":null,"estamp_info_status":false,"estamp_info_name":null,"tci_status":"N","location_car_picture_in":"2209011735000_AS24.jp","location_user_picture_in":"2209011735000_AS23.jp","location_car_picture_out":null,"location_user_picture_out":null},{"tci_id":"3591","card_status":"VM","car_type_status":"MOTORCYCLE","card_code":"VMC8344359117D47","card_signature":"VM13ADBFC","license_plate_text":"","cabinet_name_in":"Gate IN Car 1 Tara 7","carparking_in_time":"05/10/2022 13:43:47","cabinet_name_out":"Gate IN Car 1 Tara 7","carparking_out_time":"05/10/2022 13:45:14","estamp_info_status":false,"estamp_info_name":null,"tci_status":"Y","location_car_picture_in":"2209011735000_AS24.jp","location_user_picture_in":"2209011735000_AS23.jp","location_car_picture_out":"2209011735000_AS24.jp","location_user_picture_out":"2209011735000_AS23.jp"}]},"message":"OK"}
[2022-10-05T13:55:02.047] [INFO] default - 
        TIMESTAMP => 2022-10-05 13:55:02,
        APP_NAME => api_report_siromedge,
        SUB_APP_NAME => /apipos/actionreports/visitor,
        NODE_ID => 0,
        STATUS => REQ,
        REMOTE_ADDRESS => ::1,
        REMOTE_PORT => 51387,
        ORIGINALURL => /apipos/actionreports/visitor/vt_parking_visitor_motorcycle_history,    
        DATA : {"m_report_id":"VMI0001","m_report_name":"รายงานการเขาออก","m_car_type":"VISTOR MOTORCYCLE","m_building_name":"ส.ขอนแก่น","m_report_start":"2022-10-05 00:00:00","m_report_end":"2022-10-05 23:59:59"}
[2022-10-05T13:55:02.310] [INFO] default - 
        TIMESTAMP => 2022-10-05 13:55:02,
        APP_NAME => api_report_siromedge,
        SUB_APP_NAME => /apipos/actionreports/visitor,
        NODE_ID => 0,
        STATUS => RES,
        REMOTE_ADDRESS => ::1,
        REMOTE_PORT => 51387,
        ORIGINALURL => /apipos/actionreports/visitor/vt_parking_visitor_motorcycle_history,    
        DATA : {"statusCode":"200","error":null,"data":{"header_data":{"m_report_id":"VMI0001","m_report_name":"รายงานการเขาออก","m_car_type":"VISTOR MOTORCYCLE","m_building_name":"ส.ขอนแก่น","m_report_start":"2022-10-05 00:00:00","m_report_end":"2022-10-05 23:59:59","cabinet_obj":{"cabinet_id":1,"cabinet_tax_code":"1234567890123","cabinet_name":"Gate IN Car 1 Tara 7","cabinet_type_id":1,"cabinet_status":"IN","cabinet_code":"CP-INC01","building_code":"0001","building_name":"TARAPark CP All","registered_no":null,"building_tax":"0994000165706","cabinet_ip_address":"10.100.101.182"}},"sub_data":[{"tci_id":"3587","card_status":"VM","car_type_status":"MOTORCYCLE","card_code":"VM2844CDF5651B48","card_signature":"VM643026C","license_plate_text":"","cabinet_name_in":"Gate IN Car 1 Tara 7","carparking_in_time":"05/10/2022 11:55:06","cabinet_name_out":null,"carparking_out_time":null,"estamp_info_status":false,"estamp_info_name":null,"tci_status":"N","location_car_picture_in":"2209011735000_AS24.jp","location_user_picture_in":"2209011735000_AS23.jp","location_car_picture_out":null,"location_user_picture_out":null},{"tci_id":"3588","card_status":"VM","car_type_status":"MOTORCYCLE","card_code":"VM9D6DAB9D151D40","card_signature":"VM1551CC0","license_plate_text":"","cabinet_name_in":"Gate IN Car 1 Tara 7","carparking_in_time":"05/10/2022 11:55:12","cabinet_name_out":null,"carparking_out_time":null,"estamp_info_status":false,"estamp_info_name":null,"tci_status":"N","location_car_picture_in":"2209011735000_AS24.jp","location_user_picture_in":"2209011735000_AS23.jp","location_car_picture_out":null,"location_user_picture_out":null},{"tci_id":"3589","card_status":"VM","car_type_status":"MOTORCYCLE","card_code":"VM48FAD1B1752246","card_signature":"VM7479B94","license_plate_text":"","cabinet_name_in":"Gate IN Car 1 Tara 7","carparking_in_time":"05/10/2022 11:55:13","cabinet_name_out":null,"carparking_out_time":null,"estamp_info_status":false,"estamp_info_name":null,"tci_status":"N","location_car_picture_in":"2209011735000_AS24.jp","location_user_picture_in":"2209011735000_AS23.jp","location_car_picture_out":null,"location_user_picture_out":null},{"tci_id":"3591","card_status":"VM","car_type_status":"MOTORCYCLE","card_code":"VMC8344359117D47","card_signature":"VM13ADBFC","license_plate_text":"","cabinet_name_in":"Gate IN Car 1 Tara 7","carparking_in_time":"05/10/2022 13:43:47","cabinet_name_out":"Gate IN Car 1 Tara 7","carparking_out_time":"05/10/2022 13:45:14","estamp_info_status":false,"estamp_info_name":null,"tci_status":"Y","location_car_picture_in":"2209011735000_AS24.jp","location_user_picture_in":"2209011735000_AS23.jp","location_car_picture_out":"2209011735000_AS24.jp","location_user_picture_out":"2209011735000_AS23.jp"}]},"message":"OK"}
[2022-10-05T13:55:30.088] [INFO] default - 
        TIMESTAMP => 2022-10-05 13:55:30,
        APP_NAME => api_report_siromedge,
        SUB_APP_NAME => /apipos/actionreports/visitor,
        NODE_ID => 0,
        STATUS => REQ,
        REMOTE_ADDRESS => ::1,
        REMOTE_PORT => 56736,
        ORIGINALURL => /apipos/actionreports/visitor/vt_parking_visitor_car_history,    
        DATA : {"m_report_id":"VCI0001","m_report_name":"รายงานการเขาออก","m_car_type":"VISTOR CAR","m_building_name":"ส.ขอนแก่น","m_report_start":"2022-10-05 00:00:00","m_report_end":"2022-10-05 23:59:59"}
[2022-10-05T13:55:30.355] [INFO] default - 
        TIMESTAMP => 2022-10-05 13:55:30,
        APP_NAME => api_report_siromedge,
        SUB_APP_NAME => /apipos/actionreports/visitor,
        NODE_ID => 0,
        STATUS => RES,
        REMOTE_ADDRESS => ::1,
        REMOTE_PORT => 56736,
        ORIGINALURL => /apipos/actionreports/visitor/vt_parking_visitor_car_history,    
        DATA : {"statusCode":"200","error":null,"data":{"header_data":{"m_report_id":"VCI0001","m_report_name":"รายงานการเขาออก","m_car_type":"VISTOR CAR","m_building_name":"ส.ขอนแก่น","m_report_start":"2022-10-05 00:00:00","m_report_end":"2022-10-05 23:59:59","cabinet_obj":{"cabinet_id":1,"cabinet_tax_code":"1234567890123","cabinet_name":"Gate IN Car 1 Tara 7","cabinet_type_id":1,"cabinet_status":"IN","cabinet_code":"CP-INC01","building_code":"0001","building_name":"TARAPark CP All","registered_no":null,"building_tax":"0994000165706","cabinet_ip_address":"10.100.101.182"}},"sub_data":[{"tci_id":"3583","card_status":"VC","car_type_status":"CAR","card_code":"VC73C3A5D13D4C45","card_signature":"VC767F8CD","license_plate_text":"พพ998","cabinet_name_in":"Gate IN Car 1 Tara 7","carparking_in_time":"05/10/2022 11:25:03","cabinet_name_out":null,"carparking_out_time":null,"estamp_info_status":false,"estamp_info_name":null,"tci_status":"N","location_car_picture_in":null,"location_user_picture_in":"Y2022M9D4H21M30S54MS83.png","location_car_picture_out":null,"location_user_picture_out":null},{"tci_id":"3584","card_status":"VC","car_type_status":"CAR","card_code":"VC0E361D4CFE844E","card_signature":"VC8E81DAB","license_plate_text":"123123","cabinet_name_in":"Gate IN Car 1 Tara 7","carparking_in_time":"05/10/2022 11:34:02","cabinet_name_out":"Gate IN Car 1 Tara 7","carparking_out_time":"05/10/2022 11:59:29","estamp_info_status":false,"estamp_info_name":null,"tci_status":"Y","location_car_picture_in":"2209011735000_AS24.jp","location_user_picture_in":"2209011735000_AS23.jp","location_car_picture_out":"","location_user_picture_out":""},{"tci_id":"3585","card_status":"VC","car_type_status":"CAR","card_code":"VC09ADA4814BEB45","card_signature":"VC7C07E1B","license_plate_text":"ธอ989","cabinet_name_in":"Gate IN Car 1 Tara 7","carparking_in_time":"05/10/2022 11:36:05","cabinet_name_out":"Gate IN Car 1 Tara 7","carparking_out_time":"05/10/2022 12:08:36","estamp_info_status":false,"estamp_info_name":null,"tci_status":"Y","location_car_picture_in":null,"location_user_picture_in":"Y2022M9D4H21M41S55MS885.png","location_car_picture_out":"2209011735000_AS24.jp","location_user_picture_out":"2209011735000_AS23.jp"},{"tci_id":"3586","card_status":"VC","car_type_status":"CAR","card_code":"VCFF491EFEF61E43","card_signature":"VC7E4C676","license_plate_text":"ออ852","cabinet_name_in":"Gate IN Car 1 Tara 7","carparking_in_time":"05/10/2022 11:39:17","cabinet_name_out":null,"carparking_out_time":null,"estamp_info_status":true,"estamp_info_name":"1 ชั่วโมง","tci_status":"N","location_car_picture_in":null,"location_user_picture_in":"Y2022M9D4H21M45S8MS30.png","location_car_picture_out":null,"location_user_picture_out":null},{"tci_id":"3590","card_status":"VC","car_type_status":"CAR","card_code":"VCD78FA7EEAF834B","card_signature":"VC01D6485","license_plate_text":"123123","cabinet_name_in":"Gate IN Car 1 Tara 7","carparking_in_time":"05/10/2022 13:32:53","cabinet_name_out":null,"carparking_out_time":null,"estamp_info_status":false,"estamp_info_name":null,"tci_status":"N","location_car_picture_in":"2209011735000_AS24.jp","location_user_picture_in":"2209011735000_AS23.jp","location_car_picture_out":null,"location_user_picture_out":null}]},"message":"OK"}
[2022-10-05T13:56:10.856] [INFO] default - 
        TIMESTAMP => 2022-10-05 13:56:10,
        APP_NAME => api_report_siromedge,
        SUB_APP_NAME => /apipos/actionreports/visitor,
        NODE_ID => 0,
        STATUS => REQ,
        REMOTE_ADDRESS => ::1,
        REMOTE_PORT => 52722,
        ORIGINALURL => /apipos/actionreports/visitor/vt_parking_visitor_motorcycle_history,    
        DATA : {"m_report_id":"VMI0001","m_report_name":"รายงานการเขาออก","m_car_type":"VISTOR MOTORCYCLE","m_building_name":"ส.ขอนแก่น","m_report_start":"2022-10-05 00:00:00","m_report_end":"2022-10-05 23:59:59"}
[2022-10-05T13:56:11.098] [INFO] default - 
        TIMESTAMP => 2022-10-05 13:56:11,
        APP_NAME => api_report_siromedge,
        SUB_APP_NAME => /apipos/actionreports/visitor,
        NODE_ID => 0,
        STATUS => RES,
        REMOTE_ADDRESS => ::1,
        REMOTE_PORT => 52722,
        ORIGINALURL => /apipos/actionreports/visitor/vt_parking_visitor_motorcycle_history,    
        DATA : {"statusCode":"200","error":null,"data":{"header_data":{"m_report_id":"VMI0001","m_report_name":"รายงานการเขาออก","m_car_type":"VISTOR MOTORCYCLE","m_building_name":"ส.ขอนแก่น","m_report_start":"2022-10-05 00:00:00","m_report_end":"2022-10-05 23:59:59","cabinet_obj":{"cabinet_id":1,"cabinet_tax_code":"1234567890123","cabinet_name":"Gate IN Car 1 Tara 7","cabinet_type_id":1,"cabinet_status":"IN","cabinet_code":"CP-INC01","building_code":"0001","building_name":"TARAPark CP All","registered_no":null,"building_tax":"0994000165706","cabinet_ip_address":"10.100.101.182"}},"sub_data":[{"tci_id":"3587","card_status":"VM","car_type_status":"MOTORCYCLE","card_code":"VM2844CDF5651B48","card_signature":"VM643026C","license_plate_text":"","cabinet_name_in":"Gate IN Car 1 Tara 7","carparking_in_time":"05/10/2022 11:55:06","cabinet_name_out":null,"carparking_out_time":null,"estamp_info_status":false,"estamp_info_name":null,"tci_status":"N","location_car_picture_in":"2209011735000_AS24.jp","location_user_picture_in":"2209011735000_AS23.jp","location_car_picture_out":null,"location_user_picture_out":null},{"tci_id":"3588","card_status":"VM","car_type_status":"MOTORCYCLE","card_code":"VM9D6DAB9D151D40","card_signature":"VM1551CC0","license_plate_text":"","cabinet_name_in":"Gate IN Car 1 Tara 7","carparking_in_time":"05/10/2022 11:55:12","cabinet_name_out":null,"carparking_out_time":null,"estamp_info_status":false,"estamp_info_name":null,"tci_status":"N","location_car_picture_in":"2209011735000_AS24.jp","location_user_picture_in":"2209011735000_AS23.jp","location_car_picture_out":null,"location_user_picture_out":null},{"tci_id":"3589","card_status":"VM","car_type_status":"MOTORCYCLE","card_code":"VM48FAD1B1752246","card_signature":"VM7479B94","license_plate_text":"","cabinet_name_in":"Gate IN Car 1 Tara 7","carparking_in_time":"05/10/2022 11:55:13","cabinet_name_out":null,"carparking_out_time":null,"estamp_info_status":false,"estamp_info_name":null,"tci_status":"N","location_car_picture_in":"2209011735000_AS24.jp","location_user_picture_in":"2209011735000_AS23.jp","location_car_picture_out":null,"location_user_picture_out":null},{"tci_id":"3591","card_status":"VM","car_type_status":"MOTORCYCLE","card_code":"VMC8344359117D47","card_signature":"VM13ADBFC","license_plate_text":"","cabinet_name_in":"Gate IN Car 1 Tara 7","carparking_in_time":"05/10/2022 13:43:47","cabinet_name_out":"Gate IN Car 1 Tara 7","carparking_out_time":"05/10/2022 13:45:14","estamp_info_status":false,"estamp_info_name":null,"tci_status":"Y","location_car_picture_in":"2209011735000_AS24.jp","location_user_picture_in":"2209011735000_AS23.jp","location_car_picture_out":"2209011735000_AS24.jp","location_user_picture_out":"2209011735000_AS23.jp"}]},"message":"OK"}
[2022-10-05T14:17:38.556] [INFO] default - 
        TIMESTAMP => 2022-10-05 14:17:38,
        APP_NAME => api_report_siromedge,
        SUB_APP_NAME => /apipos/actionreports/member,
        NODE_ID => 0,
        STATUS => REQ,
        REMOTE_ADDRESS => ::1,
        REMOTE_PORT => 52216,
        ORIGINALURL => /apipos/actionreports/member/vt_parking_member_car_history,    
        DATA : {"m_report_id":"MCI0001","m_report_name":"รายงานการเข้าออก Member","m_car_type":"MEMBER CAR","m_building_name":"Silom Edge","m_report_start":"2022-01-04 00:00:00","m_report_end":"2022-01-04 23:59:59"}
[2022-10-05T14:17:38.737] [INFO] default - 
        TIMESTAMP => 2022-10-05 14:17:38,
        APP_NAME => api_report_siromedge,
        SUB_APP_NAME => /apipos/actionreports/member,
        NODE_ID => 0,
        STATUS => RES,
        REMOTE_ADDRESS => ::1,
        REMOTE_PORT => 52216,
        ORIGINALURL => /apipos/actionreports/member/vt_parking_member_car_history,    
        DATA : {"statusCode":"200","error":null,"data":{"header_data":{"m_report_id":"MCI0001","m_report_name":"รายงานการเข้าออก Member","m_car_type":"MEMBER CAR","m_building_name":"Silom Edge","m_report_start":"2022-01-04 00:00:00","m_report_end":"2022-01-04 23:59:59","cabinet_obj":{"cabinet_id":1,"cabinet_tax_code":"1234567890123","cabinet_name":"Gate IN Car 1 Tara 7","cabinet_type_id":1,"cabinet_status":"IN","cabinet_code":"CP-INC01","building_code":"0001","building_name":"TARAPark CP All","registered_no":null,"building_tax":"0994000165706","cabinet_ip_address":"10.100.101.182"}},"sub_data":[]},"message":"OK"}
[2022-10-05T14:18:07.767] [INFO] default - 
        TIMESTAMP => 2022-10-05 14:18:07,
        APP_NAME => api_report_siromedge,
        SUB_APP_NAME => /apipos/actionreports/member,
        NODE_ID => 0,
        STATUS => REQ,
        REMOTE_ADDRESS => ::1,
        REMOTE_PORT => 51679,
        ORIGINALURL => /apipos/actionreports/member/vt_parking_member_car_history,    
        DATA : {"m_report_id":"MCI0001","m_report_name":"รายงานการเข้าออก Member","m_car_type":"MEMBER CAR","m_building_name":"Silom Edge","m_report_start":"2022-10-01 00:00:00","m_report_end":"2022-10-05 23:59:59"}
[2022-10-05T14:18:08.007] [INFO] default - 
        TIMESTAMP => 2022-10-05 14:18:08,
        APP_NAME => api_report_siromedge,
        SUB_APP_NAME => /apipos/actionreports/member,
        NODE_ID => 0,
        STATUS => RES,
        REMOTE_ADDRESS => ::1,
        REMOTE_PORT => 51679,
        ORIGINALURL => /apipos/actionreports/member/vt_parking_member_car_history,    
        DATA : {"statusCode":"200","error":null,"data":{"header_data":{"m_report_id":"MCI0001","m_report_name":"รายงานการเข้าออก Member","m_car_type":"MEMBER CAR","m_building_name":"Silom Edge","m_report_start":"2022-10-01 00:00:00","m_report_end":"2022-10-05 23:59:59","cabinet_obj":{"cabinet_id":1,"cabinet_tax_code":"1234567890123","cabinet_name":"Gate IN Car 1 Tara 7","cabinet_type_id":1,"cabinet_status":"IN","cabinet_code":"CP-INC01","building_code":"0001","building_name":"TARAPark CP All","registered_no":null,"building_tax":"0994000165706","cabinet_ip_address":"10.100.101.182"}},"sub_data":[{"tci_id":"3576","card_status":"MC","employee_id":"mcar1","employee_name":"employee_nameUP","license_plate_text":"","cabinet_name_in":"Gate IN Car 1 Tara 7","carparking_in_time":"03/10/2022 16:34:47","cabinet_name_out":"Gate IN Car 1 Tara 7","carparking_out_time":"04/10/2022 16:47:19","estamp_info_status":false,"estamp_info_name":null,"tci_status":"Y","location_car_picture_in":"2209011735000_AS24.jpg","location_user_picture_in":"2209011735000_AS23.jpg","location_car_picture_out":"","location_user_picture_out":""},{"tci_id":"3579","card_status":"MC","employee_id":"mcar1","employee_name":"employee_nameUP","license_plate_text":"1111","cabinet_name_in":"Gate IN Car 1 Tara 7","carparking_in_time":"04/10/2022 16:47:23","cabinet_name_out":null,"carparking_out_time":null,"estamp_info_status":false,"estamp_info_name":null,"tci_status":"N","location_car_picture_in":"2209011735000_AS24.jp","location_user_picture_in":"2209011735000_AS23.jp","location_car_picture_out":null,"location_user_picture_out":null}]},"message":"OK"}
[2022-10-05T14:18:47.823] [INFO] default - 
        TIMESTAMP => 2022-10-05 14:18:47,
        APP_NAME => api_report_siromedge,
        SUB_APP_NAME => /apipos/actionreports/member,
        NODE_ID => 0,
        STATUS => REQ,
        REMOTE_ADDRESS => ::1,
        REMOTE_PORT => 51688,
        ORIGINALURL => /apipos/actionreports/member/vt_parking_member_car_history,    
        DATA : {"m_report_id":"MCI0001","m_report_name":"รายงานการเข้าออก Member","m_car_type":"MEMBER CAR","m_building_name":"Silom Edge","m_report_start":"2022-10-01 00:00:00","m_report_end":"2022-10-05 23:59:59"}
[2022-10-05T14:18:48.000] [INFO] default - 
        TIMESTAMP => 2022-10-05 14:18:48,
        APP_NAME => api_report_siromedge,
        SUB_APP_NAME => /apipos/actionreports/member,
        NODE_ID => 0,
        STATUS => RES,
        REMOTE_ADDRESS => ::1,
        REMOTE_PORT => 51688,
        ORIGINALURL => /apipos/actionreports/member/vt_parking_member_car_history,    
        DATA : {"statusCode":"200","error":null,"data":{"header_data":{"m_report_id":"MCI0001","m_report_name":"รายงานการเข้าออก Member","m_car_type":"MEMBER CAR","m_building_name":"Silom Edge","m_report_start":"2022-10-01 00:00:00","m_report_end":"2022-10-05 23:59:59","cabinet_obj":{"cabinet_id":1,"cabinet_tax_code":"1234567890123","cabinet_name":"Gate IN Car 1 Tara 7","cabinet_type_id":1,"cabinet_status":"IN","cabinet_code":"CP-INC01","building_code":"0001","building_name":"TARAPark CP All","registered_no":null,"building_tax":"0994000165706","cabinet_ip_address":"10.100.101.182"}},"sub_data":[{"tci_id":"3576","card_status":"MC","card_code":"MS061FBAE2","card_signature":"MS061FBAE2","employee_id":"mcar1","employee_name":"employee_nameUP","license_plate_text":"","cabinet_name_in":"Gate IN Car 1 Tara 7","carparking_in_time":"03/10/2022 16:34:47","cabinet_name_out":"Gate IN Car 1 Tara 7","carparking_out_time":"04/10/2022 16:47:19","estamp_info_status":false,"estamp_info_name":null,"tci_status":"Y","location_car_picture_in":"2209011735000_AS24.jpg","location_user_picture_in":"2209011735000_AS23.jpg","location_car_picture_out":"","location_user_picture_out":""},{"tci_id":"3579","card_status":"MC","card_code":"MS061FBAE2","card_signature":"MS061FBAE2","employee_id":"mcar1","employee_name":"employee_nameUP","license_plate_text":"1111","cabinet_name_in":"Gate IN Car 1 Tara 7","carparking_in_time":"04/10/2022 16:47:23","cabinet_name_out":null,"carparking_out_time":null,"estamp_info_status":false,"estamp_info_name":null,"tci_status":"N","location_car_picture_in":"2209011735000_AS24.jp","location_user_picture_in":"2209011735000_AS23.jp","location_car_picture_out":null,"location_user_picture_out":null}]},"message":"OK"}
[2022-10-05T14:24:51.137] [INFO] default - 
        TIMESTAMP => 2022-10-05 14:24:51,
        APP_NAME => api_report_siromedge,
        SUB_APP_NAME => /apipos/actionreports/member,
        NODE_ID => 0,
        STATUS => REQ,
        REMOTE_ADDRESS => ::1,
        REMOTE_PORT => 55163,
        ORIGINALURL => /apipos/actionreports/member/vt_parking_member_motorcycle_history,    
        DATA : {"m_report_id":"MCI0001","m_report_name":"รายงานการเข้าออก Member MOTORCYCLE","m_car_type":"MEMBER MOTORCYCLE","m_building_name":"Silom Edge","m_report_start":"2022-10-01 00:00:00","m_report_end":"2022-10-05 23:59:59"}
[2022-10-05T14:24:51.300] [INFO] default - 
        TIMESTAMP => 2022-10-05 14:24:51,
        APP_NAME => api_report_siromedge,
        SUB_APP_NAME => /apipos/actionreports/member,
        NODE_ID => 0,
        STATUS => RES,
        REMOTE_ADDRESS => ::1,
        REMOTE_PORT => 55163,
        ORIGINALURL => /apipos/actionreports/member/vt_parking_member_motorcycle_history,    
        DATA : {"statusCode":"200","error":null,"data":{"header_data":{"m_report_id":"MCI0001","m_report_name":"รายงานการเข้าออก Member MOTORCYCLE","m_car_type":"MEMBER MOTORCYCLE","m_building_name":"Silom Edge","m_report_start":"2022-10-01 00:00:00","m_report_end":"2022-10-05 23:59:59","cabinet_obj":{"cabinet_id":1,"cabinet_tax_code":"1234567890123","cabinet_name":"Gate IN Car 1 Tara 7","cabinet_type_id":1,"cabinet_status":"IN","cabinet_code":"CP-INC01","building_code":"0001","building_name":"TARAPark CP All","registered_no":null,"building_tax":"0994000165706","cabinet_ip_address":"10.100.101.182"}},"sub_data":[{"tci_id":"3580","card_status":"MM","card_code":"MS016CDDE6","card_signature":"MS016CDDE6","employee_id":"mmotorcycle01","employee_name":"employee_nameUP","license_plate_text":"","cabinet_name_in":"Gate IN Car 1 Tara 7","carparking_in_time":"04/10/2022 17:10:15","cabinet_name_out":null,"carparking_out_time":null,"estamp_info_status":false,"estamp_info_name":null,"tci_status":"N","location_car_picture_in":"2209011735000_AS24.jp","location_user_picture_in":"2209011735000_AS23.jp","location_car_picture_out":null,"location_user_picture_out":null}]},"message":"OK"}
[2022-10-05T14:25:06.458] [INFO] default - 
        TIMESTAMP => 2022-10-05 14:25:06,
        APP_NAME => api_report_siromedge,
        SUB_APP_NAME => /apipos/actionreports/member,
        NODE_ID => 0,
        STATUS => REQ,
        REMOTE_ADDRESS => ::1,
        REMOTE_PORT => 64190,
        ORIGINALURL => /apipos/actionreports/member/vt_parking_member_car_history,    
        DATA : {"m_report_id":"MCI0001","m_report_name":"รายงานการเข้าออก Member CAR","m_car_type":"MEMBER CAR","m_building_name":"Silom Edge","m_report_start":"2022-10-01 00:00:00","m_report_end":"2022-10-05 23:59:59"}
[2022-10-05T14:25:06.707] [INFO] default - 
        TIMESTAMP => 2022-10-05 14:25:06,
        APP_NAME => api_report_siromedge,
        SUB_APP_NAME => /apipos/actionreports/member,
        NODE_ID => 0,
        STATUS => RES,
        REMOTE_ADDRESS => ::1,
        REMOTE_PORT => 64190,
        ORIGINALURL => /apipos/actionreports/member/vt_parking_member_car_history,    
        DATA : {"statusCode":"200","error":null,"data":{"header_data":{"m_report_id":"MCI0001","m_report_name":"รายงานการเข้าออก Member CAR","m_car_type":"MEMBER CAR","m_building_name":"Silom Edge","m_report_start":"2022-10-01 00:00:00","m_report_end":"2022-10-05 23:59:59","cabinet_obj":{"cabinet_id":1,"cabinet_tax_code":"1234567890123","cabinet_name":"Gate IN Car 1 Tara 7","cabinet_type_id":1,"cabinet_status":"IN","cabinet_code":"CP-INC01","building_code":"0001","building_name":"TARAPark CP All","registered_no":null,"building_tax":"0994000165706","cabinet_ip_address":"10.100.101.182"}},"sub_data":[{"tci_id":"3576","card_status":"MC","card_code":"MS061FBAE2","card_signature":"MS061FBAE2","employee_id":"mcar1","employee_name":"employee_nameUP","license_plate_text":"","cabinet_name_in":"Gate IN Car 1 Tara 7","carparking_in_time":"03/10/2022 16:34:47","cabinet_name_out":"Gate IN Car 1 Tara 7","carparking_out_time":"04/10/2022 16:47:19","estamp_info_status":false,"estamp_info_name":null,"tci_status":"Y","location_car_picture_in":"2209011735000_AS24.jpg","location_user_picture_in":"2209011735000_AS23.jpg","location_car_picture_out":"","location_user_picture_out":""},{"tci_id":"3579","card_status":"MC","card_code":"MS061FBAE2","card_signature":"MS061FBAE2","employee_id":"mcar1","employee_name":"employee_nameUP","license_plate_text":"1111","cabinet_name_in":"Gate IN Car 1 Tara 7","carparking_in_time":"04/10/2022 16:47:23","cabinet_name_out":null,"carparking_out_time":null,"estamp_info_status":false,"estamp_info_name":null,"tci_status":"N","location_car_picture_in":"2209011735000_AS24.jp","location_user_picture_in":"2209011735000_AS23.jp","location_car_picture_out":null,"location_user_picture_out":null}]},"message":"OK"}
[2022-10-05T14:27:48.289] [INFO] default - 
        TIMESTAMP => 2022-10-05 14:27:48,
        APP_NAME => api_report_siromedge,
        SUB_APP_NAME => /apipos/actionreports/member,
        NODE_ID => 0,
        STATUS => REQ,
        REMOTE_ADDRESS => ::1,
        REMOTE_PORT => 65120,
        ORIGINALURL => /apipos/actionreports/member/vt_parking_member_motorcycle_history,    
        DATA : {"m_report_id":"MCI0001","m_report_name":"รายงานการเข้าออก Member MOTORCYCLE","m_car_type":"MEMBER MOTORCYCLE","m_building_name":"Silom Edge","m_report_start":"2022-10-01 00:00:00","m_report_end":"2022-10-05 23:59:59"}
[2022-10-05T14:27:48.531] [INFO] default - 
        TIMESTAMP => 2022-10-05 14:27:48,
        APP_NAME => api_report_siromedge,
        SUB_APP_NAME => /apipos/actionreports/member,
        NODE_ID => 0,
        STATUS => RES,
        REMOTE_ADDRESS => ::1,
        REMOTE_PORT => 65120,
        ORIGINALURL => /apipos/actionreports/member/vt_parking_member_motorcycle_history,    
        DATA : {"statusCode":"200","error":null,"data":{"header_data":{"m_report_id":"MCI0001","m_report_name":"รายงานการเข้าออก Member MOTORCYCLE","m_car_type":"MEMBER MOTORCYCLE","m_building_name":"Silom Edge","m_report_start":"2022-10-01 00:00:00","m_report_end":"2022-10-05 23:59:59","cabinet_obj":{"cabinet_id":1,"cabinet_tax_code":"1234567890123","cabinet_name":"Gate IN Car 1 Tara 7","cabinet_type_id":1,"cabinet_status":"IN","cabinet_code":"CP-INC01","building_code":"0001","building_name":"TARAPark CP All","registered_no":null,"building_tax":"0994000165706","cabinet_ip_address":"10.100.101.182"}},"sub_data":[{"tci_id":"3580","card_status":"MM","card_code":"MS016CDDE6","card_signature":"MS016CDDE6","employee_id":"mmotorcycle01","employee_name":"employee_nameUP","license_plate_text":"","cabinet_name_in":"Gate IN Car 1 Tara 7","carparking_in_time":"04/10/2022 17:10:15","cabinet_name_out":"Gate IN Car 1 Tara 7","carparking_out_time":"05/10/2022 14:27:37","estamp_info_status":false,"estamp_info_name":null,"tci_status":"Y","location_car_picture_in":"2209011735000_AS24.jp","location_user_picture_in":"2209011735000_AS23.jp","location_car_picture_out":"2209011735000_AS24.jp","location_user_picture_out":"2209011735000_AS23.jp"}]},"message":"OK"}
[2022-10-05T14:28:28.804] [INFO] default - 
        TIMESTAMP => 2022-10-05 14:28:28,
        APP_NAME => api_report_siromedge,
        SUB_APP_NAME => /apipos/actionreports/member,
        NODE_ID => 0,
        STATUS => REQ,
        REMOTE_ADDRESS => ::1,
        REMOTE_PORT => 57761,
        ORIGINALURL => /apipos/actionreports/member/vt_parking_member_motorcycle_history,    
        DATA : {"m_report_id":"MCI0001","m_report_name":"รายงานการเข้าออก Member MOTORCYCLE","m_car_type":"MEMBER MOTORCYCLE","m_building_name":"Silom Edge","m_report_start":"2022-10-01 00:00:00","m_report_end":"2022-10-05 23:59:59"}
[2022-10-05T14:28:28.974] [INFO] default - 
        TIMESTAMP => 2022-10-05 14:28:28,
        APP_NAME => api_report_siromedge,
        SUB_APP_NAME => /apipos/actionreports/member,
        NODE_ID => 0,
        STATUS => RES,
        REMOTE_ADDRESS => ::1,
        REMOTE_PORT => 57761,
        ORIGINALURL => /apipos/actionreports/member/vt_parking_member_motorcycle_history,    
        DATA : {"statusCode":"200","error":null,"data":{"header_data":{"m_report_id":"MCI0001","m_report_name":"รายงานการเข้าออก Member MOTORCYCLE","m_car_type":"MEMBER MOTORCYCLE","m_building_name":"Silom Edge","m_report_start":"2022-10-01 00:00:00","m_report_end":"2022-10-05 23:59:59","cabinet_obj":{"cabinet_id":1,"cabinet_tax_code":"1234567890123","cabinet_name":"Gate IN Car 1 Tara 7","cabinet_type_id":1,"cabinet_status":"IN","cabinet_code":"CP-INC01","building_code":"0001","building_name":"TARAPark CP All","registered_no":null,"building_tax":"0994000165706","cabinet_ip_address":"10.100.101.182"}},"sub_data":[{"tci_id":"3580","card_status":"MM","car_type_status":"MOTORCYCLE","card_code":"MS016CDDE6","card_signature":"MS016CDDE6","employee_id":"mmotorcycle01","employee_name":"employee_nameUP","license_plate_text":"","cabinet_name_in":"Gate IN Car 1 Tara 7","carparking_in_time":"04/10/2022 17:10:15","cabinet_name_out":"Gate IN Car 1 Tara 7","carparking_out_time":"05/10/2022 14:27:37","estamp_info_status":false,"estamp_info_name":null,"tci_status":"Y","location_car_picture_in":"2209011735000_AS24.jp","location_user_picture_in":"2209011735000_AS23.jp","location_car_picture_out":"2209011735000_AS24.jp","location_user_picture_out":"2209011735000_AS23.jp"}]},"message":"OK"}
[2022-10-05T14:29:50.795] [INFO] default - 
        TIMESTAMP => 2022-10-05 14:29:50,
        APP_NAME => api_report_siromedge,
        SUB_APP_NAME => /apipos/actionreports/member,
        NODE_ID => 0,
        STATUS => REQ,
        REMOTE_ADDRESS => ::1,
        REMOTE_PORT => 57057,
        ORIGINALURL => /apipos/actionreports/member/vt_parking_member_car_history,    
        DATA : {"m_report_id":"MCI0001","m_report_name":"รายงานการเข้าออก Member CAR","m_car_type":"MEMBER CAR","m_building_name":"Silom Edge","m_report_start":"2022-10-01 00:00:00","m_report_end":"2022-10-05 23:59:59"}
[2022-10-05T14:29:51.032] [INFO] default - 
        TIMESTAMP => 2022-10-05 14:29:51,
        APP_NAME => api_report_siromedge,
        SUB_APP_NAME => /apipos/actionreports/member,
        NODE_ID => 0,
        STATUS => RES,
        REMOTE_ADDRESS => ::1,
        REMOTE_PORT => 57057,
        ORIGINALURL => /apipos/actionreports/member/vt_parking_member_car_history,    
        DATA : {"statusCode":"200","error":null,"data":{"header_data":{"m_report_id":"MCI0001","m_report_name":"รายงานการเข้าออก Member CAR","m_car_type":"MEMBER CAR","m_building_name":"Silom Edge","m_report_start":"2022-10-01 00:00:00","m_report_end":"2022-10-05 23:59:59","cabinet_obj":{"cabinet_id":1,"cabinet_tax_code":"1234567890123","cabinet_name":"Gate IN Car 1 Tara 7","cabinet_type_id":1,"cabinet_status":"IN","cabinet_code":"CP-INC01","building_code":"0001","building_name":"TARAPark CP All","registered_no":null,"building_tax":"0994000165706","cabinet_ip_address":"10.100.101.182"}},"sub_data":[{"tci_id":"3576","card_status":"MC","car_type_status":"CAR","card_code":"MS061FBAE2","card_signature":"MS061FBAE2","employee_id":"mcar1","employee_name":"employee_nameUP","license_plate_text":"","cabinet_name_in":"Gate IN Car 1 Tara 7","carparking_in_time":"03/10/2022 16:34:47","cabinet_name_out":"Gate IN Car 1 Tara 7","carparking_out_time":"04/10/2022 16:47:19","estamp_info_status":false,"estamp_info_name":null,"tci_status":"Y","location_car_picture_in":"2209011735000_AS24.jpg","location_user_picture_in":"2209011735000_AS23.jpg","location_car_picture_out":"","location_user_picture_out":""},{"tci_id":"3579","card_status":"MC","car_type_status":"CAR","card_code":"MS061FBAE2","card_signature":"MS061FBAE2","employee_id":"mcar1","employee_name":"employee_nameUP","license_plate_text":"1111","cabinet_name_in":"Gate IN Car 1 Tara 7","carparking_in_time":"04/10/2022 16:47:23","cabinet_name_out":"Gate IN Car 1 Tara 7","carparking_out_time":"05/10/2022 14:29:46","estamp_info_status":false,"estamp_info_name":null,"tci_status":"Y","location_car_picture_in":"2209011735000_AS24.jp","location_user_picture_in":"2209011735000_AS23.jp","location_car_picture_out":"2209011735000_AS24.jp","location_user_picture_out":"2209011735000_AS23.jp"}]},"message":"OK"}
[2022-10-05T14:40:32.856] [INFO] default - 
        TIMESTAMP => 2022-10-05 14:40:32,
        APP_NAME => api_report_siromedge,
        SUB_APP_NAME => /apipos/actionreports/member,
        NODE_ID => 0,
        STATUS => REQ,
        REMOTE_ADDRESS => ::1,
        REMOTE_PORT => 60074,
        ORIGINALURL => /apipos/actionreports/member/vt_parking_member_car_history,    
        DATA : {"m_report_id":"MCI0001","m_report_name":"รายงานการเข้าออก Member CAR","m_car_type":"MEMBER CAR","m_building_name":"Silom Edge","m_report_start":"2022-10-01 00:00:00","m_report_end":"2022-10-05 23:59:59"}
[2022-10-05T14:40:33.114] [INFO] default - 
        TIMESTAMP => 2022-10-05 14:40:33,
        APP_NAME => api_report_siromedge,
        SUB_APP_NAME => /apipos/actionreports/member,
        NODE_ID => 0,
        STATUS => RES,
        REMOTE_ADDRESS => ::1,
        REMOTE_PORT => 60074,
        ORIGINALURL => /apipos/actionreports/member/vt_parking_member_car_history,    
        DATA : {"statusCode":"200","error":null,"data":{"header_data":{"m_report_id":"MCI0001","m_report_name":"รายงานการเข้าออก Member CAR","m_car_type":"MEMBER CAR","m_building_name":"Silom Edge","m_report_start":"2022-10-01 00:00:00","m_report_end":"2022-10-05 23:59:59","cabinet_obj":{"cabinet_id":1,"cabinet_tax_code":"1234567890123","cabinet_name":"Gate IN Car 1 Tara 7","cabinet_type_id":1,"cabinet_status":"IN","cabinet_code":"CP-INC01","building_code":"0001","building_name":"TARAPark CP All","registered_no":null,"building_tax":"0994000165706","cabinet_ip_address":"10.100.101.182"}},"sub_data":[{"tci_id":"3576","card_status":"MC","car_type_status":"CAR","card_code":"MS061FBAE2","card_signature":"MS061FBAE2","employee_id":"mcar1","employee_name":"employee_nameUP","license_plate_text":"","cabinet_name_in":"Gate IN Car 1 Tara 7","carparking_in_time":"03/10/2022 16:34:47","cabinet_name_out":"Gate IN Car 1 Tara 7","carparking_out_time":"04/10/2022 16:47:19","estamp_info_status":false,"estamp_info_name":null,"tci_status":"Y","location_car_picture_in":"2209011735000_AS24.jpg","location_user_picture_in":"2209011735000_AS23.jpg","location_car_picture_out":"","location_user_picture_out":""},{"tci_id":"3579","card_status":"MC","car_type_status":"CAR","card_code":"MS061FBAE2","card_signature":"MS061FBAE2","employee_id":"mcar1","employee_name":"employee_nameUP","license_plate_text":"1111","cabinet_name_in":"Gate IN Car 1 Tara 7","carparking_in_time":"04/10/2022 16:47:23","cabinet_name_out":"Gate IN Car 1 Tara 7","carparking_out_time":"05/10/2022 14:29:46","estamp_info_status":false,"estamp_info_name":null,"tci_status":"Y","location_car_picture_in":"2209011735000_AS24.jp","location_user_picture_in":"2209011735000_AS23.jp","location_car_picture_out":"2209011735000_AS24.jp","location_user_picture_out":"2209011735000_AS23.jp"}]},"message":"OK"}
[2022-10-05T14:40:39.759] [INFO] default - 
        TIMESTAMP => 2022-10-05 14:40:39,
        APP_NAME => api_report_siromedge,
        SUB_APP_NAME => /apipos/actionreports/member,
        NODE_ID => 0,
        STATUS => REQ,
        REMOTE_ADDRESS => ::1,
        REMOTE_PORT => 60079,
        ORIGINALURL => /apipos/actionreports/member/vt_parking_member_motorcycle_history,    
        DATA : {"m_report_id":"MCI0001","m_report_name":"รายงานการเข้าออก Member MOTORCYCLE","m_car_type":"MEMBER MOTORCYCLE","m_building_name":"Silom Edge","m_report_start":"2022-10-01 00:00:00","m_report_end":"2022-10-05 23:59:59"}
[2022-10-05T14:40:40.003] [INFO] default - 
        TIMESTAMP => 2022-10-05 14:40:40,
        APP_NAME => api_report_siromedge,
        SUB_APP_NAME => /apipos/actionreports/member,
        NODE_ID => 0,
        STATUS => RES,
        REMOTE_ADDRESS => ::1,
        REMOTE_PORT => 60079,
        ORIGINALURL => /apipos/actionreports/member/vt_parking_member_motorcycle_history,    
        DATA : {"statusCode":"200","error":null,"data":{"header_data":{"m_report_id":"MCI0001","m_report_name":"รายงานการเข้าออก Member MOTORCYCLE","m_car_type":"MEMBER MOTORCYCLE","m_building_name":"Silom Edge","m_report_start":"2022-10-01 00:00:00","m_report_end":"2022-10-05 23:59:59","cabinet_obj":{"cabinet_id":1,"cabinet_tax_code":"1234567890123","cabinet_name":"Gate IN Car 1 Tara 7","cabinet_type_id":1,"cabinet_status":"IN","cabinet_code":"CP-INC01","building_code":"0001","building_name":"TARAPark CP All","registered_no":null,"building_tax":"0994000165706","cabinet_ip_address":"10.100.101.182"}},"sub_data":[{"tci_id":"3580","card_status":"MM","car_type_status":"MOTORCYCLE","card_code":"MS016CDDE6","card_signature":"MS016CDDE6","employee_id":"mmotorcycle01","employee_name":"employee_nameUP","license_plate_text":"","cabinet_name_in":"Gate IN Car 1 Tara 7","carparking_in_time":"04/10/2022 17:10:15","cabinet_name_out":"Gate IN Car 1 Tara 7","carparking_out_time":"05/10/2022 14:27:37","estamp_info_status":false,"estamp_info_name":null,"tci_status":"Y","location_car_picture_in":"2209011735000_AS24.jp","location_user_picture_in":"2209011735000_AS23.jp","location_car_picture_out":"2209011735000_AS24.jp","location_user_picture_out":"2209011735000_AS23.jp"}]},"message":"OK"}
